###############################################################################
#
# IAR ANSI C/C++ Compiler V7.40.2.8542/W32 for ARM        20/Oct/2015  12:49:36
# Copyright 1999-2015 IAR Systems AB.
#
#    Cpu mode     =  arm
#    Endian       =  little
#    Source file  =  
#        D:\IAR projects\HR1_0100_00_I720_new2\virtualMenu\extmanager.c
#    Command line =  
#        "D:\IAR projects\HR1_0100_00_I720_new2\virtualMenu\extmanager.c" -D
#        _STATIC_MEMORY_BOOT -lcN "D:\IAR
#        projects\HR1_0100_00_I720_new2\EWP\Debug xFlash\List\" -o "D:\IAR
#        projects\HR1_0100_00_I720_new2\EWP\Debug xFlash\Obj\" --no_cse
#        --no_unroll --no_inline --no_code_motion --no_tbaa --no_clustering
#        --no_scheduling --debug --endian=little --cpu=ARM926EJ-S -e
#        --fpu=VFP9-S --dlib_config "C:\Program Files\IAR Systems\Embedded
#        Workbench 7.40\arm\INC\c\DLib_Config_Normal.h" -I "D:\IAR
#        projects\HR1_0100_00_I720_new2\EWP\..\NXP\" -I "D:\IAR
#        projects\HR1_0100_00_I720_new2\EWP\..\LIB\include\" -I "D:\IAR
#        projects\HR1_0100_00_I720_new2\EWP\..\inc\" -I "D:\IAR
#        projects\HR1_0100_00_I720_new2\EWP\..\Igor\" -I "D:\IAR
#        projects\HR1_0100_00_I720_new2\EWP\..\mal\" -I "D:\IAR
#        projects\HR1_0100_00_I720_new2\EWP\..\component\" -I "D:\IAR
#        projects\HR1_0100_00_I720_new2\EWP\..\psupervisor\" -I "D:\IAR
#        projects\HR1_0100_00_I720_new2\EWP\..\virtualMenu\" -I "D:\IAR
#        projects\HR1_0100_00_I720_new2\EWP\..\callbackElement\" -I "D:\IAR
#        projects\HR1_0100_00_I720_new2\EWP\..\logictimers\" -I "D:\IAR
#        projects\HR1_0100_00_I720_new2\EWP\..\zonaVRT\" -I "D:\IAR
#        projects\HR1_0100_00_I720_new2\EWP\..\" --cpu_mode arm -On
#        --use_c++_inline
#    List file    =  
#        D:\IAR projects\HR1_0100_00_I720_new2\EWP\Debug
#        xFlash\List\extmanager.lst
#    Object file  =  
#        D:\IAR projects\HR1_0100_00_I720_new2\EWP\Debug
#        xFlash\Obj\extmanager.o
#
###############################################################################

D:\IAR projects\HR1_0100_00_I720_new2\virtualMenu\extmanager.c
      1          
      2          /*
      3          #include <vcl.h>
      4          #include <strstrea.h>
      5          #include <math.h>
      6          #include <mem.h>
      7          #include <fstream.h>
      8          #include <strstrea.h>
      9          #include <iomanip.h>
     10          #pragma hdrstop
     11          
     12          #include "vmenuDis.h"
     13          */
     14          
     15          #include <stdio.h>
     16          #include <string.h>
     17          
     18          #include "bazisdef.h"
     19          #include "psuperVisor\supermanager.h"
     20          
     21          #include "psuperVisor\psvisor_helpfnc.h"
     22          #include "virtualMenu\extmanagerfnc.h"
     23          
     24          //массив расширения
     25          /*
     26           Структура массива расширения
     27          BYTE  ALTER EXT
     28          BYTE  ALTER UST RANG
     29          BYTE  0
     30          BYTE  0
     31          
     32          */
     33          //плюс CRC для ext
     34          UNS_32 ArrayEXTENTION[MAX_MNGEXT+1] = {40, 41, 42, 43, 44, 45, 46, 47, 48, 49, 50, 51, 52, 53, 54, 55, 56};//массив расширения
     35          
     36          void SaveCRCext()
     37          {
     38          //сохранить CRC ext
     39            //пропустить alter
     40            ArrayEXTENTION[MAX_MNGEXT] = setCRCMassiv(&(ArrayEXTENTION[1]), MAX_MNGEXT-1); //CRC для ext
     41          }//SaveCRCext()

   Maximum stack usage in bytes:

   .cstack Function
   ------- --------
       8   SaveCRCext
         8   -> setCRCMassiv


   Section sizes:

   Bytes  Function/Label
   -----  --------------
     204  ArrayEXTENTION
      36  SaveCRCext

 
 204 bytes in section .data
  36 bytes in section .text
 
  36 bytes of CODE memory
 204 bytes of DATA memory

Errors: none
Warnings: 1
