###############################################################################
#
# IAR ANSI C/C++ Compiler V7.40.2.8542/W32 for ARM        20/Oct/2015  12:49:40
# Copyright 1999-2015 IAR Systems AB.
#
#    Cpu mode     =  arm
#    Endian       =  little
#    Source file  =  
#        D:\IAR projects\HR1_0100_00_I720_new2\component\MTZ3Component.c
#    Command line =  
#        "D:\IAR projects\HR1_0100_00_I720_new2\component\MTZ3Component.c" -D
#        _STATIC_MEMORY_BOOT -lcN "D:\IAR
#        projects\HR1_0100_00_I720_new2\EWP\Debug xFlash\List\" -o "D:\IAR
#        projects\HR1_0100_00_I720_new2\EWP\Debug xFlash\Obj\" --no_cse
#        --no_unroll --no_inline --no_code_motion --no_tbaa --no_clustering
#        --no_scheduling --debug --endian=little --cpu=ARM926EJ-S -e
#        --fpu=VFP9-S --dlib_config "C:\Program Files\IAR Systems\Embedded
#        Workbench 7.40\arm\INC\c\DLib_Config_Normal.h" -I "D:\IAR
#        projects\HR1_0100_00_I720_new2\EWP\..\NXP\" -I "D:\IAR
#        projects\HR1_0100_00_I720_new2\EWP\..\LIB\include\" -I "D:\IAR
#        projects\HR1_0100_00_I720_new2\EWP\..\inc\" -I "D:\IAR
#        projects\HR1_0100_00_I720_new2\EWP\..\Igor\" -I "D:\IAR
#        projects\HR1_0100_00_I720_new2\EWP\..\mal\" -I "D:\IAR
#        projects\HR1_0100_00_I720_new2\EWP\..\component\" -I "D:\IAR
#        projects\HR1_0100_00_I720_new2\EWP\..\psupervisor\" -I "D:\IAR
#        projects\HR1_0100_00_I720_new2\EWP\..\virtualMenu\" -I "D:\IAR
#        projects\HR1_0100_00_I720_new2\EWP\..\callbackElement\" -I "D:\IAR
#        projects\HR1_0100_00_I720_new2\EWP\..\logictimers\" -I "D:\IAR
#        projects\HR1_0100_00_I720_new2\EWP\..\zonaVRT\" -I "D:\IAR
#        projects\HR1_0100_00_I720_new2\EWP\..\" --cpu_mode arm -On
#        --use_c++_inline
#    List file    =  
#        D:\IAR projects\HR1_0100_00_I720_new2\EWP\Debug
#        xFlash\List\MTZ3Component.lst
#    Object file  =  
#        D:\IAR projects\HR1_0100_00_I720_new2\EWP\Debug
#        xFlash\Obj\MTZ3Component.o
#
###############################################################################

D:\IAR projects\HR1_0100_00_I720_new2\component\MTZ3Component.c
      1          #ifndef _HIDE_COMPONENT
      2          /*
      3          #include <vcl.h>
      4          #include <strstrea.h>
      5          #include <math.h>
      6          #include <mem.h>
      7          #include <fstream.h>
      8          #include <strstrea.h>
      9          #include <iomanip.h>
     10          #pragma hdrstop
     11          
     12          #include "vmenuDis.h"
     13          */
     14          
     15          #include <stdio.h>
     16          #include <string.h>
     17          
     18          #include "bazisdef.h"
     19          #include "component\componentdef.h"
     20          #include "virtualMenu\systemmenudef.h"
     21          #include "virtualMenu\ustmanagerdef.h"
     22          #include "psuperVisor\psvisor_helpdef.h"
     23          
     24          #include "virtualMenu\textstreamfnc.h"
     25          #include "virtualMenu\systemmenufnc.h"
     26          #include "virtualMenu\ustmanagerfnc.h"
     27          #include "psuperVisor\psvisor_helpfnc.h"
     28          #include "virtualMenu\rangmanagerfnc.h"
     29          
     30          #include "virtualMenu\viewMenuList.h"
     31          
     32          #include "..\bazis.h"
     33          
     34          //код компонентов
     35          #define KOD_COMPONENT  MTZ_COMP1
     36          //к-во ступеней
     37          #define CNT_STUPEN_MTZ  5
     38          
     39          #endif // _HIDE_COMPONENT
     40          
     41          #ifndef _HIDE_COMPONENT
     42          
     43          #define _HIDE_COMPONENT
     44          #include "MTZ2Component.c"
     45          
     46          extern COMPONENT_OBJ rpzcomponent_obj;//обект компонента для репозитария
     47          extern int  tmpUSTAVKI[];
     48          
     49          extern LineMenuItem sub_menu_cnf[];
     50          extern LineMenuItem sub_menu_MTZ[];
     51          extern LineMenuItem sub_menu_tmp[];
     52          extern int  IndexUstSPV;//индекс уставок в супервизоре
     53          
     54          extern COMPONENT_OBJ  cnfCOMPONENT[];
     55          extern int  spvUSTAVKI[];//текущие уставки супервизора
     56          
     57          void PereinitUstListCompMTZ3(short flg);
     58          void UstListCompMTZ3();
     59          void ustRedactorCompMTZ3();
     60          void UstCompMTZ3();
     61          short  KadrMenuFormat_ust_compMTZ3(void *workCntr);//(WorkControl *workCntr);
     62          
     63          void PereinitVidListCompMTZ3(short flg);
     64          void VidListCompMTZ3();
     65          void vidRedactorCompMTZ3();
     66          void VidCompMTZ3();
     67          short  KadrMenuFormat_vid_compMTZ3(void *workCntr);//(WorkControl *workCntr);
     68          
     69          void PereinitUprListCompMTZ3(short flg);
     70          void UprListCompMTZ3();
     71          void uprRedactorCompMTZ3();
     72          void UprCompMTZ3();
     73          short  KadrMenuFormat_upr_compMTZ3(void *workCntr);//(WorkControl *workCntr);
     74          int   initUstMTZ3(char init);
     75          void  prepareUstMTZ2(short idxC);
     76          void  prepareUstMTZ3(short idxC);
     77          
     78          //int ViewerEditUstMTZ3();
     79          //int ViewerEditVidMTZ3();
     80          void EditUstMTZ3();
     81          void EditVidMTZ3();
     82          void EditUprMTZ3();
     83          int codecUstMTZ3(char codec, short offset, int ust);
     84          int codecUstMTZ2(char codec, short offset, int ust);
     85          int initUstMTZ2(char init);
     86          
     87          char *selectorUprStrMTZ2(short iBit, UNS_32 ustUpr);
     88          void UpravlChooserMTZInKadr(char *nameUpr, short ibit, void *workCntr);
     89          void UpravlRedactorChooseMTZ(char *nameUpr, short ibit);
     90          short  KadrMenuFormat_ustvidMTZ(void *workCntr);
     91          void diffMTZ3ToRepozitar();
     92          
     93          char MTZ3_TITLE[] = "МТЗ3";
     94          
     95          IONAMESTATUS_COMPONENT ionsMTZ3[IOCMD_MTZ2to5_TOTAL] =
     96          {
     97            {
     98              1,//статус iocmd1
     99              "Стат блок МТЗ3"
    100            },
    101            {
    102              1,//статус iocmd2
    103              "Блок уск МТЗ3"
    104            },
    105            {
    106              1,//статус iocmd3
    107              "Операт уск МТЗ3"
    108            },
    109            {
    110              1,//статус iocmd4
    111              "Сраб ПО МТЗ3"
    112            },
    113            {
    114              1,//статус iocmd5
    115              "Сраб ПО МТЗ3 ВПД"
    116            },
    117            {
    118              1,//статус iocmd6
    119              "Сраб ПО МТЗ3 НЗД"
    120            },
    121            {
    122              1,//статус iocmd7
    123              "Сраб ПО МТЗ3 ПН"
    124            },
    125            {
    126              1,//статус iocmd8
    127              "Сраб МТЗ3"
    128            },
    129            {
    130              1,//статус iocmd9
    131              "Теле уск МТЗ3"
    132            },
    133            {
    134              1,//статус iocmd10
    135              "Сектор МТЗ3 ВПД"
    136            },
    137            {
    138              1,//статус iocmd11
    139              "Сектор МТЗ3 НЗД"
    140            }
    141          };
    142          
    143          LineMenuItem sub_menu_comp_MTZ3[8] =
    144          {
    145            { MTZ3_TITLE, NULL},//title
    146            { &CONTROL1_COMP, &sub_menu_MTZ, typeMenuSub},//control_item, parent
    147            { "Уставки МТЗ3",    (void *)&UstListCompMTZ3, typeMenuProg},
    148            { "Выдержки МТЗ3",   (void *)&VidListCompMTZ3, typeMenuProg},
    149            { "Управление МТЗ3", (void *)&UprListCompMTZ3, typeMenuProg},
    150            { NULL, NULL}
    151          };
    152          
    153          LineMenuItem sub_menu_ust_compMTZ3[] =
    154          {
    155            { "Уставки МТЗ3", NULL},//title
    156            { &CONTROL2_COMP, sub_menu_comp_MTZ3, typeMenuList},//control_item, parent
    157            { "Уст МТЗ3",         (void*)&UstCompMTZ3, typeMenuProg},
    158            { "Уст МТЗ3 вперед",  (void*)&UstCompMTZ3, typeMenuProg},
    159            { "Уст МТЗ3 назад",   (void*)&UstCompMTZ3, typeMenuProg},
    160            { "Уст МТЗ3 ПМ",      (void*)&UstCompMTZ3, typeMenuProg},
    161            { "Уст напр МТЗ3 ПH", (void*)&UstCompMTZ3, typeMenuProg},
    162            { NULL, NULL}
    163          
    164          };
    165          
    166          LineMenuItem sub_menu_vid_compMTZ3[] =
    167          {
    168            { "Выдержки МТЗ3", NULL},//title
    169            { &CONTROL2_COMP, sub_menu_comp_MTZ3, typeMenuList},//control_item, parent
    170          /*
    171            { "Выдержка МТЗ3",         (void*)&VidCompMTZ3, typeMenuProg},
    172            { "Выдержка МТЗ3 вперед",  (void*)&VidCompMTZ3, typeMenuProg},
    173            { "Выдержка МТЗ3 назад",   (void*)&VidCompMTZ3, typeMenuProg},
    174            { "Выдержка МТЗ3 ПМ",      (void*)&VidCompMTZ3, typeMenuProg},
    175            { "Ввод ускор МТЗ3",       (void*)&VidCompMTZ3, typeMenuProg},
    176          
    177            { "Ускор МТЗ3 ВВ",         (void*)&VidCompMTZ3, typeMenuProg},
    178            { "Ускор МТЗ3 ОУ",         (void*)&VidCompMTZ3, typeMenuProg},
    179            { "Ускор МТЗ3 ТУ",         (void*)&VidCompMTZ3, typeMenuProg},
    180          
    181            { "Ускор МТЗ3 ВВ ВПД",     (void*)&VidCompMTZ3, typeMenuProg},
    182            { "Ускор МТЗ3 ОУ ВПД",     (void*)&VidCompMTZ3, typeMenuProg},
    183            { "Ускор МТЗ3 ТУ ВПД",     (void*)&VidCompMTZ3, typeMenuProg},
    184          
    185            { "Ускор МТЗ3 ВВ НЗД",     (void*)&VidCompMTZ3, typeMenuProg},
    186            { "Ускор МТЗ3 ОУ НЗД",     (void*)&VidCompMTZ3, typeMenuProg},
    187            { "Ускор МТЗ3 ТУ НЗД",     (void*)&VidCompMTZ3, typeMenuProg},
    188          
    189            { "Ускор МТЗ3 ВВ ПН",      (void*)&VidCompMTZ3, typeMenuProg},
    190            { "Ускор МТЗ3 ОУ ПН",      (void*)&VidCompMTZ3, typeMenuProg},
    191            { "Ускор МТЗ3 ТУ ПН",      (void*)&VidCompMTZ3, typeMenuProg},
    192          */
    193            { NULL, NULL}
    194          
    195          };
    196          
    197          LineMenuItem sub_menu_upr_compMTZ3[] =
    198          {
    199            { "Управл МТЗ3", NULL},//title
    200            { &CONTROL2_COMP, sub_menu_comp_MTZ3, typeMenuList},//control_item, parent
    201            { "Вид МТЗ3",           (void*)&UprCompMTZ3, typeMenuProg},
    202            { "Управл МТЗ3",        (void*)&UprCompMTZ3, typeMenuProg},
    203            { "МТЗ3 вперед",        (void*)&UprCompMTZ3, typeMenuProg},
    204            { "МТЗ3 назад",         (void*)&UprCompMTZ3, typeMenuProg},
    205            { "Ускорение МТЗ3",     (void*)&UprCompMTZ3, typeMenuProg},
    206            { "МТЗ3 ускоренная",    (void*)&UprCompMTZ3, typeMenuProg},
    207            { "Автомат уск МТЗ3",   (void*)&UprCompMTZ3, typeMenuProg},
    208            { "Телеускор МТЗ3",     (void*)&UprCompMTZ3, typeMenuProg},
    209            { NULL, NULL}
    210          
    211          };
    212          
    213          void PereinitUstListCompMTZ3(short flg)
    214          {
    215          //переиниц
    216            //инит компонентного контроля
    217            TxtStreamInit(&CONTROL2_COMP, &KadrMenuFormat_ustvidMTZ, sub_menu_ust_compMTZ3);//инит control и формир кадра
    218            if(flg==0)//END
    219            {
    220              TxtStreamSetEnd(&CONTROL2_COMP, SIZE_PAGE_VIEW/2);//перейти на END
    221            }//if
    222          
    223            ViewDiskrMenuList();//вывести окно отображения
    224            ListPStr();//доступ к уставкам
    225          }//PereinitUstListComp3()
    226          
    227          void UstListCompMTZ3()
    228          {
    229            SelectorMNGBAZA(0);//установка базу уставок
    230          
    231            SelectorSUBMENU(sub_menu_ust_compMTZ3);//уcтановить текущее субменю
    232          
    233            SelectorTEXTCONTROL(&CONTROL2_COMP);//текущий control
    234          
    235            SelectorFHOME(&PereinitUstListCompMTZ3);//указатель на ф-цию HOME
    236            InitFHOME(1);//exe ф-цию HOME
    237          
    238            LanderUpDown();//wkl Up Down
    239          }//UstListCompMTZ3()
    240          
    241          void UstCompMTZ3()
    242          {
    243            SelectorCRRLIGHTLINE();//найти подсвеченную строку текущего текст потока
    244            PrepareEditMenu(sub_menu_ust_compMTZ3);
    245            PassWord(EditUstMTZ3);
    246          }//VidCompMTZ3()
    247          
    248          void EditUstMTZ3()
    249          {
    250          //редактировать уставку
    251            SystemEditUst(sub_menu_ust_compMTZ3);//[LIGHTLINEMENU +1+SUBDATA].Line1, LIGHTLINEMENU);
    252          }//UstCompMTZ3()
    253          
    254          //--------------------------------------------------
    255          
    256          void PereinitVidListCompMTZ3(short flg)
    257          {
    258          //переиниц
    259            //инит компонентного контроля
    260            TxtStreamInit(&CONTROL2_COMP, &KadrMenuFormat_ustvidMTZ, sub_menu_vid_compMTZ3);//инит control и формир кадра
    261            if(flg==0)//END
    262            {
    263              TxtStreamSetEnd(&CONTROL2_COMP, SIZE_PAGE_VIEW/2);//перейти на END
    264            }//if
    265          
    266            ViewDiskrMenuList();//вывести окно отображения
    267            ListPStr();//доступ к уставкам
    268          }//PereinitVidListCompMTZ3(short flg)
    269          
    270          void VidListCompMTZ3()
    271          {
    272            SelectorMNGBAZA(MNGVID_MTZ2to5);//установка базы уставок
    273          
    274            SelectorSUBMENU(sub_menu_vid_compMTZ3);//утановить текущее субменю
    275          
    276            SelectorTEXTCONTROL(&CONTROL2_COMP);//текущий control
    277          
    278            SelectorFHOME(&PereinitVidListCompMTZ3);//указатель на ф-цию HOME
    279            InitFHOME(1);//exe ф-цию HOME
    280          
    281            LanderUpDown();//wkl Up Down
    282          }//VidListCompMTZ3()
    283          
    284          void VidCompMTZ3()
    285          {
    286            SelectorCRRLIGHTLINE();//найти подсвеченную строку текущего текст потока
    287            PrepareEditMenu(sub_menu_vid_compMTZ3);
    288          //  PassWord(EditVidAPV);
    289            EditVidMTZ3();
    290          }//VidCompMTZ3()
    291          
    292          void EditVidMTZ3()
    293          {
    294          //редактировать уставку
    295            SystemEditUst(sub_menu_vid_compMTZ3);//[LIGHTLINEMENU +1+SUBDATA].Line1, LIGHTLINEMENU);
    296          }//
    297          
    298          //--------------------------------------------------
    299          
    300          void PereinitUprListCompMTZ3(short flg)
    301          {
    302          //переиниц
    303            //инит компонентного контроля
    304            TxtStreamInit(&CONTROL2_COMP, &KadrMenuFormat_upr_compMTZ3, NULL);//инит control и формир кадра
    305            if(flg==0)//END
    306            {
    307              TxtStreamSetEnd(&CONTROL2_COMP, SIZE_PAGE_VIEW/2);//перейти на END
    308            }//if
    309          
    310            ViewDiskrMenuList();//вывести окно отображения
    311            ListPStr();//доступ к уставкам
    312          }//PereinitUstListComp2()
    313          
    314          void UprListCompMTZ3()
    315          {
    316            SelectorMNGBAZA(MNGUPR_MTZ2to5);//установка базы уставок
    317          
    318            SelectorSUBMENU(sub_menu_upr_compMTZ3);//утановить текущее субменю
    319          
    320            SelectorTEXTCONTROL(&CONTROL2_COMP);//текущий control
    321          
    322            SelectorFHOME(&PereinitUprListCompMTZ3);//указатель на ф-цию HOME
    323            InitFHOME(1);//exe ф-цию HOME
    324          
    325            LanderUpDown();//wkl Up Down
    326          }//VidListCompMTZ3()
    327          
    328          void UprCompMTZ3()
    329          {
    330            SelectorCRRLIGHTLINE();//найти подсвеченную строку текущего текст потока
    331            PrepareEditMenu(sub_menu_upr_compMTZ3);
    332            PassWord(EditUprMTZ3);
    333          }//VidCompMTZ3()
    334          
    335          void EditUprMTZ3()
    336          {
    337          //редактировать уставку упр
    338            char *nameUpr = (char *)sub_menu_upr_compMTZ3[LIGHTLINEMENU +1+SUBDATA].Line1;
    339          
    340            switch(LIGHTLINEMENU)
    341            {
    342              case 0: UpravlRedactorChooseMTZ(nameUpr, LIGHTLINEMENU);//редактировать уставку управления
    343              break;
    344              default:UpravlRedactor(nameUpr, LIGHTLINEMENU+1, &selectorUprStrMTZ2);//редактировать уставку управления
    345            }//switch
    346          
    347          }//EditVidMTZ3()
    348          
    349          short  KadrMenuFormat_upr_compMTZ3(void *pstr)//(WorkControl *workCntr)
    350          {
    351           WorkControl *workCntr = (WorkControl *)pstr;
    352          //формирователь кадра
    353            short chooseBit = 2;//к-во бит в choose
    354            RESET_COUNTER;//сброс счетчиков
    355            for(int i=0;; i++)
    356            {
    357          //критерий терминатора
    358              char *nameUpr = (char *)sub_menu_upr_compMTZ3[i+1+SUBDATA].Line1;
    359              if(nameUpr==NULL) break;
    360          
    361              COMPARE_COUNTER
    362              {
    363                strcpy((char *)workCntr->twoString, nameUpr);
    364          
    365                if(i<(chooseBit-1))
    366                  UpravlChooserMTZInKadr(nameUpr, i, workCntr);
    367                else
    368                  //      UpravlViewerInKadr(nameUpr, i+(chooseBit-1), workCntr);//отобразить уставку управления в кадре
    369                  strcpy((char *)workCntr->twoString + sizeof(WorkVariantChar)/2,
    370                  selectorUprStrMTZ2(i+(chooseBit-1), getCurrentMngUSTAVKI()));
    371          
    372                return 1;//сравнить счетчики кадров
    373              }
    374            }//for
    375          
    376            return 1;
    377          }//KadrMenuFormat_upr_compMTZ3(WorkControl *workCntr)
    378          
    379          int initUstMTZ3(char init)
    380          {
    381           return initUstMTZ2(init);
    382          }//initUstMTZ1(short mngUst, char init)
    383          
    384          void  prepareUstMTZ3(short idxC)
    385          {
    386            prepareUstMTZ2(idxC);
    387          }//prepareUstMTZ3(short idxC)
    388          
    389          int codecUstMTZ3(char codec, short offset, int ust)
    390          //codec=0-кодировать
    391          //codec=1-раскодировать
    392          {
    393            //кодировать-раскодировать уставку
    394            return codecUstMTZ2(codec, offset, ust);
    395          }//codecUstMTZ3(char *buf, short offset, int ust)
    396          
    397          void diffMTZ3ToRepozitar()
    398          {
    399          //копировать изменения компонента в репозитарий
    400            rpzcomponent_obj.componentEnable = 1;//разрешение компонента
    401            rpzcomponent_obj.kodC   = KOD_COMPONENT;         //код компонента
    402            rpzcomponent_obj.permanent = 0; //перманентный компонент
    403          
    404            strcpy(rpzcomponent_obj.nameComponent,  MTZ3_TITLE);       //имя компонента
    405            rpzcomponent_obj.sub_menu_component =  sub_menu_comp_MTZ3;//sub_menu_component;
    406          
    407            rpzcomponent_obj.cntClon     = CNT_STUPEN_MTZ;   //к-во клонов
    408            rpzcomponent_obj.numClon     = 3;//номер клона
    409            rpzcomponent_obj.workToSignal = 0; //Работа на сигнал
    410          
    411            rpzcomponent_obj.initUstMng     = initUstMTZ3;    //инициал уставок
    412            rpzcomponent_obj.prepareUstSpv  = prepareUstMTZ3;//подготовка уставок
    413          
    414            rpzcomponent_obj.nameStatusIO = ionsMTZ3;          //имена и статус команд IO
    415          
    416            rpzcomponent_obj.codecUst = codecUstMTZ3;   //кодировать-раскодировать уставку
    417          
    418          }//
    419          
    420          #endif // _HIDE_COMPONENT
    421          

   Maximum stack usage in bytes:

   .cstack Function
   ------- --------
       8   EditUprMTZ3
         8   -> UpravlRedactor
         8   -> UpravlRedactorChooseMTZ
       8   EditUstMTZ3
         8   -> SystemEditUst
       8   EditVidMTZ3
         8   -> SystemEditUst
      24   KadrMenuFormat_upr_compMTZ3
        24   -> UpravlChooserMTZInKadr
        24   -> getCurrentMngUSTAVKI
        24   -> selectorUprStrMTZ2
        24   -> strcpy
       8   PereinitUprListCompMTZ3
         8   -> ListPStr
         8   -> TxtStreamInit
         8   -> TxtStreamSetEnd
         8   -> ViewDiskrMenuList
       8   PereinitUstListCompMTZ3
         8   -> ListPStr
         8   -> TxtStreamInit
         8   -> TxtStreamSetEnd
         8   -> ViewDiskrMenuList
       8   PereinitVidListCompMTZ3
         8   -> ListPStr
         8   -> TxtStreamInit
         8   -> TxtStreamSetEnd
         8   -> ViewDiskrMenuList
       8   UprCompMTZ3
         8   -> PassWord
         8   -> PrepareEditMenu
         8   -> SelectorCRRLIGHTLINE
       8   UprListCompMTZ3
         8   -> InitFHOME
         8   -> LanderUpDown
         8   -> SelectorFHOME
         8   -> SelectorMNGBAZA
         8   -> SelectorSUBMENU
         8   -> SelectorTEXTCONTROL
       8   UstCompMTZ3
         8   -> PassWord
         8   -> PrepareEditMenu
         8   -> SelectorCRRLIGHTLINE
       8   UstListCompMTZ3
         8   -> InitFHOME
         8   -> LanderUpDown
         8   -> SelectorFHOME
         8   -> SelectorMNGBAZA
         8   -> SelectorSUBMENU
         8   -> SelectorTEXTCONTROL
       8   VidCompMTZ3
         8   -> EditVidMTZ3
         8   -> PrepareEditMenu
         8   -> SelectorCRRLIGHTLINE
       8   VidListCompMTZ3
         8   -> InitFHOME
         8   -> LanderUpDown
         8   -> SelectorFHOME
         8   -> SelectorMNGBAZA
         8   -> SelectorSUBMENU
         8   -> SelectorTEXTCONTROL
      16   codecUstMTZ3
        16   -> codecUstMTZ2
       8   diffMTZ3ToRepozitar
         8   -> strcpy
       8   initUstMTZ3
         8   -> initUstMTZ2
       8   prepareUstMTZ3
         8   -> prepareUstMTZ2


   Section sizes:

   Bytes  Function/Label
   -----  --------------
       4  ??DataTable13
       4  ??DataTable13_1
       4  ??DataTable13_10
       4  ??DataTable13_11
       4  ??DataTable13_2
       4  ??DataTable13_3
       4  ??DataTable13_4
       4  ??DataTable13_5
       4  ??DataTable13_6
       4  ??DataTable13_7
       4  ??DataTable13_8
       4  ??DataTable13_9
      16  ?_0
      16  ?_1
      16  ?_10
      16  ?_11
      16  ?_12
      16  ?_13
      12  ?_14
      16  ?_15
      16  ?_16
      12  ?_17
      20  ?_18
      12  ?_19
      16  ?_2
      12  ?_20
      12  ?_21
      12  ?_22
      16  ?_23
      16  ?_24
      20  ?_25
      16  ?_26
      16  ?_3
      20  ?_4
      20  ?_5
      16  ?_6
      12  ?_7
      16  ?_8
      16  ?_9
     100  EditUprMTZ3
      16  EditUstMTZ3
      16  EditVidMTZ3
     220  KadrMenuFormat_upr_compMTZ3
       8  MTZ3_TITLE
      68  PereinitUprListCompMTZ3
      68  PereinitUstListCompMTZ3
      68  PereinitVidListCompMTZ3
      28  UprCompMTZ3
      52  UprListCompMTZ3
      28  UstCompMTZ3
      52  UstListCompMTZ3
      24  VidCompMTZ3
      52  VidListCompMTZ3
      48  codecUstMTZ3
     152  diffMTZ3ToRepozitar
      24  initUstMTZ3
      88  ionsMTZ3
      28  prepareUstMTZ3
      96  sub_menu_comp_MTZ3
     132  sub_menu_upr_compMTZ3
      96  sub_menu_ust_compMTZ3
      36  sub_menu_vid_compMTZ3

 
   456 bytes in section .data
   420 bytes in section .rodata
 1 092 bytes in section .text
 
 1 092 bytes of CODE  memory
   420 bytes of CONST memory
   456 bytes of DATA  memory

Errors: none
Warnings: none
