###############################################################################
#
# IAR ANSI C/C++ Compiler V7.40.2.8542/W32 for ARM        20/Oct/2015  12:49:44
# Copyright 1999-2015 IAR Systems AB.
#
#    Cpu mode     =  arm
#    Endian       =  little
#    Source file  =  
#        D:\IAR projects\HR1_0100_00_I720_new2\SettingIci\SettingIci_RangirOT.c
#    Command line =  
#        "D:\IAR
#        projects\HR1_0100_00_I720_new2\SettingIci\SettingIci_RangirOT.c" -D
#        _STATIC_MEMORY_BOOT -lcN "D:\IAR
#        projects\HR1_0100_00_I720_new2\EWP\Debug xFlash\List\" -o "D:\IAR
#        projects\HR1_0100_00_I720_new2\EWP\Debug xFlash\Obj\" --no_cse
#        --no_unroll --no_inline --no_code_motion --no_tbaa --no_clustering
#        --no_scheduling --debug --endian=little --cpu=ARM926EJ-S -e
#        --fpu=VFP9-S --dlib_config "C:\Program Files\IAR Systems\Embedded
#        Workbench 7.40\arm\INC\c\DLib_Config_Normal.h" -I "D:\IAR
#        projects\HR1_0100_00_I720_new2\EWP\..\NXP\" -I "D:\IAR
#        projects\HR1_0100_00_I720_new2\EWP\..\LIB\include\" -I "D:\IAR
#        projects\HR1_0100_00_I720_new2\EWP\..\inc\" -I "D:\IAR
#        projects\HR1_0100_00_I720_new2\EWP\..\Igor\" -I "D:\IAR
#        projects\HR1_0100_00_I720_new2\EWP\..\mal\" -I "D:\IAR
#        projects\HR1_0100_00_I720_new2\EWP\..\component\" -I "D:\IAR
#        projects\HR1_0100_00_I720_new2\EWP\..\psupervisor\" -I "D:\IAR
#        projects\HR1_0100_00_I720_new2\EWP\..\virtualMenu\" -I "D:\IAR
#        projects\HR1_0100_00_I720_new2\EWP\..\callbackElement\" -I "D:\IAR
#        projects\HR1_0100_00_I720_new2\EWP\..\logictimers\" -I "D:\IAR
#        projects\HR1_0100_00_I720_new2\EWP\..\zonaVRT\" -I "D:\IAR
#        projects\HR1_0100_00_I720_new2\EWP\..\" --cpu_mode arm -On
#        --use_c++_inline
#    List file    =  
#        D:\IAR projects\HR1_0100_00_I720_new2\EWP\Debug
#        xFlash\List\SettingIci_RangirOT.lst
#    Object file  =  
#        D:\IAR projects\HR1_0100_00_I720_new2\EWP\Debug
#        xFlash\Obj\SettingIci_RangirOT.o
#
###############################################################################

D:\IAR projects\HR1_0100_00_I720_new2\SettingIci\SettingIci_RangirOT.c
      1          #include "lpc_types.h"
      2          #include "lpc_irq_fiq.h"
      3          #include "lpc_arm922t_cp15_driver.h"
      4          
      5          #include "lpc32xx_hstimer.h"
      6          #include "lpc32xx_ssp.h"
      7          #include "lpc32xx_gpio.h"
      8          
      9          #include "lpc32xx_intc_driver.h"
     10          #include "lpc32xx_clkpwr_driver.h"
     11          
     12          #include "arm926ej_cp15_drv.h"
     13          #include "ttbl.h"
     14          
     15          #include <stdio.h>
     16          #include <string.h>
     17          
     18          #include "psuperVisor\supermanager.h"
     19          
     20          #include "component\componentdef.h"
     21          #include "psuperVisor\psvisor_helpdef.h"
     22          
     23          #include "psuperVisor\psvisor_helpfnc.h"
     24          #include "virtualMenu\rangmanagerfnc.h"
     25          #include "virtualmenu\systemmenufnc.h"
     26          #include "SettingIci\SettingIci.h"
     27          
     28          #include "toSpeedOptim.h"
     29          #include "toSpeedDIS.h"
     30          
     31          #include "header.h"
     32          #include "ici_r_ef.h"
     33          
     34          #define _HIDE_COMPONENT
     35          #include "OFComponent.c"
     36          
     37          void SettingIci_RangirOTToDV(int nDV)
     38          {
     39          //отранж Set OT на ДВ
     40          int numDV = nDV - DV1_SM;//нормировка
     41          /*
     42          SET_OT1_DI_IEPRF_ONB                 ,//Вх Уст   От1 
     43          RESET_OT1_DI_IEPRF_ONB               ,//Вх Сброс От1 
     44          */
     45          
     46          // Set OT 01  
     47           if(isActivCmdDV(SET_OT1_DI_IEPRF_ONB, numDV))//проверка активности команды на ДВ
     48                SetCmdToUVV(OF_COMP1,  1, IOCMD_BKL_OT1, nDV);//отранж 
     49          // Rst OT 01  
     50           if(isActivCmdDV(RESET_OT1_DI_IEPRF_ONB, numDV))//проверка активности команды на ДВ
     51                SetCmdToUVV(OF_COMP1,  1, IOCMD_OTKL_OT1, nDV);//отранж 
     52          
     53          // Set OT 02  
     54           if(isActivCmdDV(SET_OT2_DI_IEPRF_ONB, numDV))//проверка активности команды на ДВ
     55                SetCmdToUVV(OF_COMP1,  1, IOCMD_BKL_OT2, nDV);//отранж 
     56          // Rst OT 02  
     57           if(isActivCmdDV(RESET_OT2_DI_IEPRF_ONB, numDV))//проверка активности команды на ДВ
     58                SetCmdToUVV(OF_COMP1,  1, IOCMD_OTKL_OT2, nDV);//отранж 
     59          
     60          // Set OT 03  
     61           if(isActivCmdDV(SET_OT3_DI_IEPRF_ONB, numDV))//проверка активности команды на ДВ
     62                SetCmdToUVV(OF_COMP1,  1, IOCMD_BKL_OT3, nDV);//отранж 
     63          // Rst OT 03  
     64           if(isActivCmdDV(RESET_OT3_DI_IEPRF_ONB, numDV))//проверка активности команды на ДВ
     65                SetCmdToUVV(OF_COMP1,  1, IOCMD_OTKL_OT3, nDV);//отранж 
     66          
     67          // Set OT 04  
     68           if(isActivCmdDV(SET_OT4_DI_IEPRF_ONB, numDV))//проверка активности команды на ДВ
     69                SetCmdToUVV(OF_COMP1,  1, IOCMD_BKL_OT4, nDV);//отранж 
     70          // Rst OT 04  
     71           if(isActivCmdDV(RESET_OT4_DI_IEPRF_ONB, numDV))//проверка активности команды на ДВ
     72                SetCmdToUVV(OF_COMP1,  1, IOCMD_OTKL_OT4, nDV);//отранж 
     73          
     74          // Set OT 05  
     75           if(isActivCmdDV(SET_OT5_DI_IEPRF_ONB, numDV))//проверка активности команды на ДВ
     76                SetCmdToUVV(OF_COMP1,  1, IOCMD_BKL_OT5, nDV);//отранж 
     77          // Rst OT 05  
     78           if(isActivCmdDV(RESET_OT5_DI_IEPRF_ONB, numDV))//проверка активности команды на ДВ
     79                SetCmdToUVV(OF_COMP1,  1, IOCMD_OTKL_OT5, nDV);//отранж 
     80          
     81          // Set OT 06  
     82           if(isActivCmdDV(SET_OT6_DI_IEPRF_ONB, numDV))//проверка активности команды на ДВ
     83                SetCmdToUVV(OF_COMP1,  1, IOCMD_BKL_OT6, nDV);//отранж 
     84          // Rst OT 06  
     85           if(isActivCmdDV(RESET_OT6_DI_IEPRF_ONB, numDV))//проверка активности команды на ДВ
     86                SetCmdToUVV(OF_COMP1,  1, IOCMD_OTKL_OT6, nDV);//отранж 
     87          
     88          // Set OT 07  
     89           if(isActivCmdDV(SET_OT7_DI_IEPRF_ONB, numDV))//проверка активности команды на ДВ
     90                SetCmdToUVV(OF_COMP1,  1, IOCMD_BKL_OT7, nDV);//отранж 
     91          // Rst OT 07  
     92           if(isActivCmdDV(RESET_OT7_DI_IEPRF_ONB, numDV))//проверка активности команды на ДВ
     93                SetCmdToUVV(OF_COMP1,  1, IOCMD_OTKL_OT7, nDV);//отранж 
     94          
     95          // Set OT 08  
     96           if(isActivCmdDV(SET_OT8_DI_IEPRF_ONB, numDV))//проверка активности команды на ДВ
     97                SetCmdToUVV(OF_COMP1,  1, IOCMD_BKL_OT8, nDV);//отранж 
     98          // Rst OT 08  
     99           if(isActivCmdDV(RESET_OT8_DI_IEPRF_ONB, numDV))//проверка активности команды на ДВ
    100                SetCmdToUVV(OF_COMP1,  1, IOCMD_OTKL_OT8, nDV);//отранж 
    101          
    102          }//SettingIci_RangirOTToDV(int nDV)
    103          /*
    104          OUT_OT1_OEPRF_ONB                    ,//Выход ОТ1
    105          OUT_OT2_OEPRF_ONB                    ,//Выход ОТ2
    106          OUT_OT3_OEPRF_ONB                    ,//Выход ОТ3
    107          OUT_OT4_OEPRF_ONB                    ,//Выход ОТ4
    108          OUT_OT5_OEPRF_ONB                    ,//Выход ОТ5
    109          OUT_OT6_OEPRF_ONB                    ,//Выход ОТ6
    110          OUT_OT7_OEPRF_ONB                    ,//Выход ОТ7
    111          OUT_OT8_OEPRF_ONB                    ,//Выход ОТ8 
    112          */
    113          
    114          void SettingIci_RangirOutOTToRele(int nRele)
    115          {
    116          //отранж OT на Реле
    117          int numRele = nRele - RELE1_SM;//нормировка
    118          //Выход OT_01  
    119           if(isActivCmdRele(OUT_OT1_OEPRF_ONB, numRele))//проверка активности команды на Реле
    120               SetCmdToUVV(OF_COMP1,  1, IOCMD_OUT_OT1, nRele);//отранж 
    121          //Выход OT_02
    122           if(isActivCmdRele(OUT_OT2_OEPRF_ONB, numRele))//проверка активности команды на Реле
    123               SetCmdToUVV(OF_COMP1,  1, IOCMD_OUT_OT2, nRele);//отранж 
    124          //Выход OT_03  
    125           if(isActivCmdRele(OUT_OT3_OEPRF_ONB, numRele))//проверка активности команды на Реле
    126               SetCmdToUVV(OF_COMP1,  1, IOCMD_OUT_OT3, nRele);//отранж 
    127          //Выход OT_04  
    128           if(isActivCmdRele(OUT_OT4_OEPRF_ONB, numRele))//проверка активности команды на Реле
    129               SetCmdToUVV(OF_COMP1,  1, IOCMD_OUT_OT4, nRele);//отранж 
    130          //Выход OT_05  
    131           if(isActivCmdRele(OUT_OT5_OEPRF_ONB, numRele))//проверка активности команды на Реле
    132               SetCmdToUVV(OF_COMP1,  1, IOCMD_OUT_OT5, nRele);//отранж 
    133          //Выход OT_06  
    134           if(isActivCmdRele(OUT_OT6_OEPRF_ONB, numRele))//проверка активности команды на Реле
    135               SetCmdToUVV(OF_COMP1,  1, IOCMD_OUT_OT6, nRele);//отранж 
    136          //Выход OT_07  
    137           if(isActivCmdRele(OUT_OT7_OEPRF_ONB, numRele))//проверка активности команды на Реле
    138               SetCmdToUVV(OF_COMP1,  1, IOCMD_OUT_OT7, nRele);//отранж 
    139          //Выход OT_08  
    140           if(isActivCmdRele(OUT_OT8_OEPRF_ONB, numRele))//проверка активности команды на Реле
    141               SetCmdToUVV(OF_COMP1,  1, IOCMD_OUT_OT8, nRele);//отранж 
    142          }//SettingIci_RangirOTToRele(int nRele)

   Maximum stack usage in bytes:

   .cstack Function
   ------- --------
      16   SettingIci_RangirOTToDV
        16   -> SetCmdToUVV
        16   -> isActivCmdDV
      16   SettingIci_RangirOutOTToRele
        16   -> SetCmdToUVV
        16   -> isActivCmdRele


   Section sizes:

   Bytes  Function/Label
   -----  --------------
     784  SettingIci_RangirOTToDV
     400  SettingIci_RangirOutOTToRele

 
 1 184 bytes in section .text
 
 1 184 bytes of CODE memory

Errors: none
Warnings: none
