###############################################################################
#
# IAR ANSI C/C++ Compiler V7.40.2.8542/W32 for ARM        12/Oct/2015  11:05:06
# Copyright 1999-2015 IAR Systems AB.
#
#    Cpu mode     =  arm
#    Endian       =  little
#    Source file  =  
#        D:\IAR
#        projects\HR1_0100_00_I720_new2\SettingIci\SettingIci_RangirAPV.c
#    Command line =  
#        "D:\IAR
#        projects\HR1_0100_00_I720_new2\SettingIci\SettingIci_RangirAPV.c" -D
#        _STATIC_MEMORY_BOOT -lcN "D:\IAR
#        projects\HR1_0100_00_I720_new2\EWP\Debug xFlash\List\" -o "D:\IAR
#        projects\HR1_0100_00_I720_new2\EWP\Debug xFlash\Obj\" --no_cse
#        --no_unroll --no_inline --no_code_motion --no_tbaa --no_clustering
#        --no_scheduling --debug --endian=little --cpu=ARM926EJ-S -e
#        --fpu=VFP9-S --dlib_config "C:\Program Files\IAR Systems\Embedded
#        Workbench 7.40\arm\INC\c\DLib_Config_Normal.h" -I "D:\IAR
#        projects\HR1_0100_00_I720_new2\EWP\..\NXP\" -I "D:\IAR
#        projects\HR1_0100_00_I720_new2\EWP\..\LIB\include\" -I "D:\IAR
#        projects\HR1_0100_00_I720_new2\EWP\..\inc\" -I "D:\IAR
#        projects\HR1_0100_00_I720_new2\EWP\..\Igor\" -I "D:\IAR
#        projects\HR1_0100_00_I720_new2\EWP\..\mal\" -I "D:\IAR
#        projects\HR1_0100_00_I720_new2\EWP\..\component\" -I "D:\IAR
#        projects\HR1_0100_00_I720_new2\EWP\..\psupervisor\" -I "D:\IAR
#        projects\HR1_0100_00_I720_new2\EWP\..\virtualMenu\" -I "D:\IAR
#        projects\HR1_0100_00_I720_new2\EWP\..\callbackElement\" -I "D:\IAR
#        projects\HR1_0100_00_I720_new2\EWP\..\logictimers\" -I "D:\IAR
#        projects\HR1_0100_00_I720_new2\EWP\..\zonaVRT\" -I "D:\IAR
#        projects\HR1_0100_00_I720_new2\EWP\..\" --cpu_mode arm -On
#        --use_c++_inline
#    List file    =  
#        D:\IAR projects\HR1_0100_00_I720_new2\EWP\Debug
#        xFlash\List\SettingIci_RangirAPV.lst
#    Object file  =  
#        D:\IAR projects\HR1_0100_00_I720_new2\EWP\Debug
#        xFlash\Obj\SettingIci_RangirAPV.o
#
###############################################################################

D:\IAR projects\HR1_0100_00_I720_new2\SettingIci\SettingIci_RangirAPV.c
      1          #include "lpc_types.h"
      2          #include "lpc_irq_fiq.h"
      3          #include "lpc_arm922t_cp15_driver.h"
      4          
      5          #include "lpc32xx_hstimer.h"
      6          #include "lpc32xx_ssp.h"
      7          #include "lpc32xx_gpio.h"
      8          
      9          #include "lpc32xx_intc_driver.h"
     10          #include "lpc32xx_clkpwr_driver.h"
     11          
     12          #include "arm926ej_cp15_drv.h"
     13          #include "ttbl.h"
     14          
     15          #include <stdio.h>
     16          #include <string.h>
     17          
     18          #include "psuperVisor\supermanager.h"
     19          
     20          #include "component\componentdef.h"
     21          #include "psuperVisor\psvisor_helpdef.h"
     22          
     23          #include "psuperVisor\psvisor_helpfnc.h"
     24          #include "virtualMenu\rangmanagerfnc.h"
     25          #include "virtualmenu\systemmenufnc.h"
     26          #include "SettingIci\SettingIci.h"
     27          
     28          #include "toSpeedOptim.h"
     29          #include "toSpeedDIS.h"
     30          
     31          #include "header.h"
     32          #include "ici_r_ef.h"
     33          
     34          #define _HIDE_COMPONENT
     35          #include "APVComponent.c"
     36          
     37          void SettingIci_RangirAPVToDV(int nDV)
     38          {
     39          //отранж APV на ДВ
     40          int numDV = nDV - DV1_SM;//нормировка
     41          //Пуск АПВ от ДВ 
     42           if(isActivCmdDV(START_AFU_DI_IEPRF_ONB, numDV))//проверка активности команды на ДВ
     43                SetCmdToUVV(APV_COMP1,  1, IOCMD2_APV, nDV);//отранж 
     44          //Блокировка АПВ ОТ ДВ
     45           if(isActivCmdDV(BLOCK_AFU_DI_IEPRF_ONB, numDV))//проверка активности команды на ДВ
     46                SetCmdToUVV(APV_COMP1,  1, IOCMD1_APV, nDV);//отранж 
     47          
     48          }// SettingIci_RangirAPVToDV(int nDV)
     49          
     50          void SettingIci_RangirAPVToRele(int nRele)
     51          {
     52          //отранж APV на Реле
     53          int numRele = nRele - RELE1_SM;//нормировка
     54          //Пуск АПВ от ДВ 
     55           if(isActivCmdRele(START_AFU_DI_OEPRF_ONB, numRele))//проверка активности команды на Реле
     56                SetCmdToUVV(APV_COMP1,  1, IOCMD2_APV, nRele);//отранж 
     57          
     58          //APV1
     59           if(isActivCmdRele(ARCL1_OEPRF_ONB, numRele))//проверка активности команды на Реле
     60                SetCmdToUVV(APV_COMP1,  1, IOCMD4_APV, nRele);//отранж 
     61          //APV2
     62           if(isActivCmdRele(ARCL2_OEPRF_ONB, numRele))//проверка активности команды на Реле
     63                SetCmdToUVV(APV_COMP1,  1, IOCMD5_APV, nRele);//отранж 
     64          }// SettingIci_RangirAPVToRele(int nRele)
     65          
     66          void SettingIci_RangirAPVToLed(int nLed)
     67          {
     68          //отранж UMM на СДИ
     69          int numLed = nLed - CDI1_SM;//нормировка
     70          // Блокировка UMin1
     71          // if(isActivCmdLed(BLOCK_UMIN1_DI_OEPRF_ONB, numLed))//проверка активности команды на Реле
     72            //    SetCmdToUVV(APV_COMP1,  1, IOCMD3_UMM, nLed);//отранж 
     73          }// SettingIci_RangirAPVToLed(int nLed)

   Maximum stack usage in bytes:

   .cstack Function
   ------- --------
      16   SettingIci_RangirAPVToDV
        16   -> SetCmdToUVV
        16   -> isActivCmdDV
       0   SettingIci_RangirAPVToLed
      16   SettingIci_RangirAPVToRele
        16   -> SetCmdToUVV
        16   -> isActivCmdRele


   Section sizes:

   Bytes  Function/Label
   -----  --------------
     112  SettingIci_RangirAPVToDV
       8  SettingIci_RangirAPVToLed
     160  SettingIci_RangirAPVToRele

 
 280 bytes in section .text
 
 280 bytes of CODE memory

Errors: none
Warnings: 1
