###############################################################################
#
# IAR ANSI C/C++ Compiler V7.40.2.8542/W32 for ARM        12/Oct/2015  11:05:07
# Copyright 1999-2015 IAR Systems AB.
#
#    Cpu mode     =  arm
#    Endian       =  little
#    Source file  =  
#        D:\IAR
#        projects\HR1_0100_00_I720_new2\SettingIci\SettingIci_RangirTZNP.c
#    Command line =  
#        "D:\IAR
#        projects\HR1_0100_00_I720_new2\SettingIci\SettingIci_RangirTZNP.c" -D
#        _STATIC_MEMORY_BOOT -lcN "D:\IAR
#        projects\HR1_0100_00_I720_new2\EWP\Debug xFlash\List\" -o "D:\IAR
#        projects\HR1_0100_00_I720_new2\EWP\Debug xFlash\Obj\" --no_cse
#        --no_unroll --no_inline --no_code_motion --no_tbaa --no_clustering
#        --no_scheduling --debug --endian=little --cpu=ARM926EJ-S -e
#        --fpu=VFP9-S --dlib_config "C:\Program Files\IAR Systems\Embedded
#        Workbench 7.40\arm\INC\c\DLib_Config_Normal.h" -I "D:\IAR
#        projects\HR1_0100_00_I720_new2\EWP\..\NXP\" -I "D:\IAR
#        projects\HR1_0100_00_I720_new2\EWP\..\LIB\include\" -I "D:\IAR
#        projects\HR1_0100_00_I720_new2\EWP\..\inc\" -I "D:\IAR
#        projects\HR1_0100_00_I720_new2\EWP\..\Igor\" -I "D:\IAR
#        projects\HR1_0100_00_I720_new2\EWP\..\mal\" -I "D:\IAR
#        projects\HR1_0100_00_I720_new2\EWP\..\component\" -I "D:\IAR
#        projects\HR1_0100_00_I720_new2\EWP\..\psupervisor\" -I "D:\IAR
#        projects\HR1_0100_00_I720_new2\EWP\..\virtualMenu\" -I "D:\IAR
#        projects\HR1_0100_00_I720_new2\EWP\..\callbackElement\" -I "D:\IAR
#        projects\HR1_0100_00_I720_new2\EWP\..\logictimers\" -I "D:\IAR
#        projects\HR1_0100_00_I720_new2\EWP\..\zonaVRT\" -I "D:\IAR
#        projects\HR1_0100_00_I720_new2\EWP\..\" --cpu_mode arm -On
#        --use_c++_inline
#    List file    =  
#        D:\IAR projects\HR1_0100_00_I720_new2\EWP\Debug
#        xFlash\List\SettingIci_RangirTZNP.lst
#    Object file  =  
#        D:\IAR projects\HR1_0100_00_I720_new2\EWP\Debug
#        xFlash\Obj\SettingIci_RangirTZNP.o
#
###############################################################################

D:\IAR projects\HR1_0100_00_I720_new2\SettingIci\SettingIci_RangirTZNP.c
      1          #include "lpc_types.h"
      2          #include "lpc_irq_fiq.h"
      3          #include "lpc_arm922t_cp15_driver.h"
      4          
      5          #include "lpc32xx_hstimer.h"
      6          #include "lpc32xx_ssp.h"
      7          #include "lpc32xx_gpio.h"
      8          
      9          #include "lpc32xx_intc_driver.h"
     10          #include "lpc32xx_clkpwr_driver.h"
     11          
     12          #include "arm926ej_cp15_drv.h"
     13          #include "ttbl.h"
     14          
     15          #include <stdio.h>
     16          #include <string.h>
     17          
     18          #include "psuperVisor\supermanager.h"
     19          
     20          #include "component\componentdef.h"
     21          #include "psuperVisor\psvisor_helpdef.h"
     22          
     23          #include "psuperVisor\psvisor_helpfnc.h"
     24          #include "virtualMenu\rangmanagerfnc.h"
     25          #include "virtualmenu\systemmenufnc.h"
     26          #include "SettingIci\SettingIci.h"
     27          
     28          #include "toSpeedOptim.h"
     29          #include "toSpeedDIS.h"
     30          
     31          #include "header.h"
     32          #include "ici_r_ef.h"
     33          
     34          #define _HIDE_COMPONENT
     35          #include "TZNP1Component.c"
     36          
     37          void SettingIci_RangirTZNP2DV(int nDV)
     38          {
     39          //отранж TZNP на ДВ
     40            int numDV = nDV - DV1_SM;//нормировка
     41          //Стат блок ТЗНП1
     42            if(isActivCmdDV(BLOCK_TZNP1_DI_IEPRF_ONB, numDV))//проверка активности команды на ДВ
     43              SetCmdToUVV(TZNP_COMP1,  1, IOCMD1_TZNP1to5, nDV);//отранж
     44          //Блок уск ТЗНП1
     45           if(isActivCmdDV(BLOCK_ACCLT_TZNP1_DI_IEPRF_ONB, numDV))//проверка активности команды на ДВ
     46                SetCmdToUVV(TZNP_COMP1,  1, IOCMD2_TZNP1to5, nDV);//отранж
     47          //Опер уск ТЗНП1
     48            if(isActivCmdDV(ACCLT_TZNP1_DI_IEPRF_ONB, numDV))//проверка активности команды на ДВ
     49              SetCmdToUVV(TZNP_COMP1,  1, IOCMD3_TZNP1to5, nDV);//отранж
     50          
     51          //Стат блок ТЗНП2
     52            if(isActivCmdDV(BLOCK_TZNP2_DI_IEPRF_ONB, numDV))//проверка активности команды на ДВ
     53              SetCmdToUVV(TZNP_COMP1,  2, IOCMD1_TZNP1to5, nDV);//отранж
     54          //Блок уск ТЗНП2
     55           if(isActivCmdDV(BLOCK_ACCLT_TZNP2_DI_IEPRF_ONB, numDV))//проверка активности команды на ДВ
     56                SetCmdToUVV(TZNP_COMP1,  2, IOCMD2_TZNP1to5, nDV);//отранж
     57          //Опер уск ТЗНП2
     58            if(isActivCmdDV(ACCLT_TZNP2_DI_IEPRF_ONB, numDV))//проверка активности команды на ДВ
     59              SetCmdToUVV(TZNP_COMP1,  2, IOCMD3_TZNP1to5, nDV);//отранж
     60          
     61          //Стат блок ТЗНП3
     62            if(isActivCmdDV(BLOCK_TZNP3_DI_IEPRF_ONB, numDV))//проверка активности команды на ДВ
     63              SetCmdToUVV(TZNP_COMP1,  3, IOCMD1_TZNP1to5, nDV);//отранж
     64          //Блок уск ТЗНП3
     65           if(isActivCmdDV(BLOCK_ACCLT_TZNP3_DI_IEPRF_ONB, numDV))//проверка активности команды на ДВ
     66                SetCmdToUVV(TZNP_COMP1,  3, IOCMD2_TZNP1to5, nDV);//отранж
     67          //Опер уск ТЗНП3
     68            if(isActivCmdDV(ACCLT_TZNP3_DI_IEPRF_ONB, numDV))//проверка активности команды на ДВ
     69              SetCmdToUVV(TZNP_COMP1,  3, IOCMD3_TZNP1to5, nDV);//отранж
     70          
     71          //Стат блок ТЗНП4
     72            if(isActivCmdDV(BLOCK_TZNP4_DI_IEPRF_ONB, numDV))//проверка активности команды на ДВ
     73              SetCmdToUVV(TZNP_COMP1,  4, IOCMD1_TZNP1to5, nDV);//отранж
     74          //Блок уск ТЗНП4
     75           if(isActivCmdDV(BLOCK_ACCLT_TZNP4_DI_IEPRF_ONB, numDV))//проверка активности команды на ДВ
     76                SetCmdToUVV(TZNP_COMP1,  4, IOCMD2_TZNP1to5, nDV);//отранж
     77          //Опер уск ТЗНП4
     78            if(isActivCmdDV(ACCLT_TZNP4_DI_IEPRF_ONB, numDV))//проверка активности команды на ДВ
     79              SetCmdToUVV(TZNP_COMP1,  4, IOCMD3_TZNP1to5, nDV);//отранж
     80          
     81          //Стат блок ТЗНП5
     82            if(isActivCmdDV(BLOCK_TZNP5_DI_IEPRF_ONB, numDV))//проверка активности команды на ДВ
     83              SetCmdToUVV(TZNP_COMP1,  5, IOCMD1_TZNP1to5, nDV);//отранж
     84          //Блок уск ТЗНП5
     85           if(isActivCmdDV(BLOCK_ACCLT_TZNP5_DI_IEPRF_ONB, numDV))//проверка активности команды на ДВ
     86                SetCmdToUVV(TZNP_COMP1,  5, IOCMD2_TZNP1to5, nDV);//отранж
     87          //Опер уск ТЗНП5
     88            if(isActivCmdDV(ACCLT_TZNP5_DI_IEPRF_ONB, numDV))//проверка активности команды на ДВ
     89              SetCmdToUVV(TZNP_COMP1,  5, IOCMD3_TZNP1to5, nDV);//отранж
     90          }// SettingIci_RangirTZNP2DV(int nDV)
     91          
     92          void SettingIci_RangirTZNP2Rele(int nRele)
     93          {
     94          //отранж TZNP на Реле
     95            int numRele = nRele - RELE1_SM;//нормировка
     96          //Стат блок ТЗНП1
     97            if(isActivCmdRele(BLOCK_TZNP1_DI_OEPRF_ONB, numRele))//проверка активности команды на ДВ
     98              SetCmdToUVV(TZNP_COMP1,  1, IOCMD1_TZNP1to5, nRele);//отранж
     99          //Блок уск ТЗНП1
    100          // if(isActivCmdDV(, numRele))//проверка активности команды на ДВ
    101          //      SetCmdToUVV(TZNP_COMP1,  1, IOCMD2_TZNP1to5, nRele);//отранж
    102          //Опер уск ТЗНП1
    103            if(isActivCmdRele(ACCLT_TZNP1_DI_OEPRF_ONB, numRele))//проверка активности команды на ДВ
    104              SetCmdToUVV(TZNP_COMP1,  1, IOCMD3_TZNP1to5, nRele);//отранж
    105          //Сраб ПО ТЗНП1
    106            if(isActivCmdRele(STPDEV_TZNP1_OEPRF_ONB, numRele))//проверка активности команды на Реле
    107              SetCmdToUVV(TZNP_COMP1,  1, IOCMD4_TZNP1to5, nRele);//отранж
    108          //Сраб ТЗНП1
    109            if(isActivCmdRele(TZNP1_OEPRF_ONB, numRele))//проверка активности команды на Реле
    110              SetCmdToUVV(TZNP_COMP1,  1, IOCMD5_TZNP1to5, nRele);//отранж
    111          //Сраб ПО ТЗНП1 3I0
    112            if(isActivCmdRele(STPDEV_TZNP1_3I0_OEPRF_ONB, numRele))//проверка активности команды на Реле
    113              SetCmdToUVV(TZNP_COMP1,  1, IOCMD6_TZNP1to5, nRele);//отранж
    114          //Сраб ТЗНП1 3I0
    115            if(isActivCmdRele(TZNP1_3I0_OEPRF_ONB, numRele))//проверка активности команды на Реле
    116              SetCmdToUVV(TZNP_COMP1,  1, IOCMD7_TZNP1to5, nRele);//отранж
    117          //Сраб ПО ТЗНП1 3U0
    118            if(isActivCmdRele(STPDEV_TZNP1_3U0_OEPRF_ONB, numRele))//проверка активности команды на Реле
    119              SetCmdToUVV(TZNP_COMP1,  1, IOCMD8_TZNP1to5, nRele);//отранж
    120          //Сраб ТЗНП1 3U0
    121            if(isActivCmdRele(TZNP1__3U0_OEPRF_ONB, numRele))//проверка активности команды на Реле
    122              SetCmdToUVV(TZNP_COMP1,  1, IOCMD9_TZNP1to5, nRele);//отранж
    123          
    124          //Стат блок ТЗНП2
    125            if(isActivCmdRele(BLOCK_TZNP1_DI_OEPRF_ONB, numRele))//проверка активности команды на ДВ
    126              SetCmdToUVV(TZNP_COMP1,  2, IOCMD1_TZNP1to5, nRele);//отранж
    127          //Блок уск ТЗНП2
    128          // if(isActivCmdDV(, numRele))//проверка активности команды на ДВ
    129          //      SetCmdToUVV(TZNP_COMP1,  2, IOCMD2_TZNP1to5, nRele);//отранж
    130          //Опер уск ТЗНП2
    131            if(isActivCmdRele(ACCLT_TZNP2_DI_OEPRF_ONB, numRele))//проверка активности команды на ДВ
    132              SetCmdToUVV(TZNP_COMP1,  2, IOCMD3_TZNP1to5, nRele);//отранж
    133          //Сраб ПО ТЗНП2
    134            if(isActivCmdRele(STPDEV_TZNP2_OEPRF_ONB, numRele))//проверка активности команды на Реле
    135              SetCmdToUVV(TZNP_COMP1,  2, IOCMD4_TZNP1to5, nRele);//отранж
    136          //Сраб ТЗНП2
    137            if(isActivCmdRele(TZNP2_OEPRF_ONB, numRele))//проверка активности команды на Реле
    138              SetCmdToUVV(TZNP_COMP1,  2, IOCMD5_TZNP1to5, nRele);//отранж
    139          //Сраб ПО ТЗНП2 3I0
    140            if(isActivCmdRele(STPDEV_TZNP2_3I0_OEPRF_ONB, numRele))//проверка активности команды на Реле
    141              SetCmdToUVV(TZNP_COMP1,  2, IOCMD6_TZNP1to5, nRele);//отранж
    142          //Сраб ТЗНП2 3I0
    143            if(isActivCmdRele(TZNP2_3I0_OEPRF_ONB, numRele))//проверка активности команды на Реле
    144              SetCmdToUVV(TZNP_COMP1,  2, IOCMD7_TZNP1to5, nRele);//отранж
    145          //Сраб ПО ТЗНП2 3U0
    146            if(isActivCmdRele(STPDEV_TZNP2_3U0_OEPRF_ONB, numRele))//проверка активности команды на Реле
    147              SetCmdToUVV(TZNP_COMP1,  2, IOCMD8_TZNP1to5, nRele);//отранж
    148          //Сраб ТЗНП2 3U0
    149            if(isActivCmdRele(TZNP2_3U0_OEPRF_ONB, numRele))//проверка активности команды на Реле
    150              SetCmdToUVV(TZNP_COMP1,  2, IOCMD9_TZNP1to5, nRele);//отранж
    151          
    152          //Стат блок ТЗНП3
    153            if(isActivCmdRele(BLOCK_TZNP3_DI_OEPRF_ONB, numRele))//проверка активности команды на ДВ
    154              SetCmdToUVV(TZNP_COMP1,  3, IOCMD1_TZNP1to5, nRele);//отранж
    155          //Блок уск ТЗНП3
    156          // if(isActivCmdDV(, numRele))//проверка активности команды на ДВ
    157          //      SetCmdToUVV(TZNP_COMP1,  3, IOCMD2_TZNP1to5, nRele);//отранж
    158          //Опер уск ТЗНП3
    159            if(isActivCmdRele(ACCLT_TZNP3_DI_OEPRF_ONB, numRele))//проверка активности команды на ДВ
    160              SetCmdToUVV(TZNP_COMP1,  3, IOCMD3_TZNP1to5, nRele);//отранж
    161          //Сраб ПО ТЗНП3
    162            if(isActivCmdRele(STPDEV_TZNP3_OEPRF_ONB, numRele))//проверка активности команды на Реле
    163              SetCmdToUVV(TZNP_COMP1,  3, IOCMD4_TZNP1to5, nRele);//отранж
    164          //Сраб ТЗНП3
    165            if(isActivCmdRele(TZNP3_OEPRF_ONB, numRele))//проверка активности команды на Реле
    166              SetCmdToUVV(TZNP_COMP1,  3, IOCMD5_TZNP1to5, nRele);//отранж
    167          //Сраб ПО ТЗНП3 3I0
    168            if(isActivCmdRele(STPDEV_TZNP3_3I0_OEPRF_ONB, numRele))//проверка активности команды на Реле
    169              SetCmdToUVV(TZNP_COMP1,  3, IOCMD6_TZNP1to5, nRele);//отранж
    170          //Сраб ТЗНП3 3I0
    171            if(isActivCmdRele(TZNP3_3I0_OEPRF_ONB, numRele))//проверка активности команды на Реле
    172              SetCmdToUVV(TZNP_COMP1,  3, IOCMD7_TZNP1to5, nRele);//отранж
    173          //Сраб ПО ТЗНП3 3U0
    174            if(isActivCmdRele(STPDEV_TZNP3_3U0_OEPRF_ONB, numRele))//проверка активности команды на Реле
    175              SetCmdToUVV(TZNP_COMP1,  3, IOCMD8_TZNP1to5, nRele);//отранж
    176          //Сраб ТЗНП3 3U0
    177            if(isActivCmdRele(TZNP3_3U0_OEPRF_ONB, numRele))//проверка активности команды на Реле
    178              SetCmdToUVV(TZNP_COMP1,  3, IOCMD9_TZNP1to5, nRele);//отранж
    179          
    180          //Стат блок ТЗНП4
    181            if(isActivCmdRele(BLOCK_TZNP4_DI_OEPRF_ONB, numRele))//проверка активности команды на ДВ
    182              SetCmdToUVV(TZNP_COMP1,  4, IOCMD1_TZNP1to5, nRele);//отранж
    183          //Блок уск ТЗНП4
    184          // if(isActivCmdDV(, numRele))//проверка активности команды на ДВ
    185          //      SetCmdToUVV(TZNP_COMP1,  4, IOCMD2_TZNP1to5, nRele);//отранж
    186          //Опер уск ТЗНП4
    187            if(isActivCmdRele(ACCLT_TZNP4_DI_OEPRF_ONB, numRele))//проверка активности команды на ДВ
    188              SetCmdToUVV(TZNP_COMP1,  4, IOCMD3_TZNP1to5, nRele);//отранж
    189          //Сраб ПО ТЗНП4
    190            if(isActivCmdRele(STPDEV_TZNP4_OEPRF_ONB, numRele))//проверка активности команды на Реле
    191              SetCmdToUVV(TZNP_COMP1,  4, IOCMD4_TZNP1to5, nRele);//отранж
    192          //Сраб ТЗНП4
    193            if(isActivCmdRele(TZNP4_OEPRF_ONB, numRele))//проверка активности команды на Реле
    194              SetCmdToUVV(TZNP_COMP1,  4, IOCMD5_TZNP1to5, nRele);//отранж
    195          //Сраб ПО ТЗНП4 3I0
    196            if(isActivCmdRele(STPDEV_TZNP4_3I0_OEPRF_ONB, numRele))//проверка активности команды на Реле
    197              SetCmdToUVV(TZNP_COMP1,  4, IOCMD6_TZNP1to5, nRele);//отранж
    198          //Сраб ТЗНП4 3I0
    199            if(isActivCmdRele(TZNP4_3I0_OEPRF_ONB, numRele))//проверка активности команды на Реле
    200              SetCmdToUVV(TZNP_COMP1,  4, IOCMD7_TZNP1to5, nRele);//отранж
    201          //Сраб ПО ТЗНП4 3U0
    202            if(isActivCmdRele(STPDEV_TZNP4_3U0_OEPRF_ONB, numRele))//проверка активности команды на Реле
    203              SetCmdToUVV(TZNP_COMP1,  4, IOCMD8_TZNP1to5, nRele);//отранж
    204          //Сраб ТЗНП4 3U0
    205            if(isActivCmdRele(TZNP4_3U0_OEPRF_ONB, numRele))//проверка активности команды на Реле
    206              SetCmdToUVV(TZNP_COMP1,  4, IOCMD9_TZNP1to5, nRele);//отранж
    207          
    208          //Стат блок ТЗНП5
    209            if(isActivCmdRele(BLOCK_TZNP5_DI_OEPRF_ONB, numRele))//проверка активности команды на ДВ
    210              SetCmdToUVV(TZNP_COMP1,  5, IOCMD1_TZNP1to5, nRele);//отранж
    211          //Блок уск ТЗНП5
    212          // if(isActivCmdDV(, numRele))//проверка активности команды на ДВ
    213          //      SetCmdToUVV(TZNP_COMP1,  5, IOCMD2_TZNP1to5, nRele);//отранж
    214          //Опер уск ТЗНП5
    215            if(isActivCmdRele(ACCLT_TZNP5_DI_OEPRF_ONB, numRele))//проверка активности команды на ДВ
    216              SetCmdToUVV(TZNP_COMP1,  5, IOCMD3_TZNP1to5, nRele);//отранж
    217          //Сраб ПО ТЗНП5
    218            if(isActivCmdRele(STPDEV_TZNP5_OEPRF_ONB, numRele))//проверка активности команды на Реле
    219              SetCmdToUVV(TZNP_COMP1,  5, IOCMD4_TZNP1to5, nRele);//отранж
    220          //Сраб ТЗНП5
    221            if(isActivCmdRele(TZNP5_OEPRF_ONB, numRele))//проверка активности команды на Реле
    222              SetCmdToUVV(TZNP_COMP1,  5, IOCMD5_TZNP1to5, nRele);//отранж
    223          //Сраб ПО ТЗНП5 3I0
    224            if(isActivCmdRele(STPDEV_TZNP5_3I0_OEPRF_ONB, numRele))//проверка активности команды на Реле
    225              SetCmdToUVV(TZNP_COMP1,  5, IOCMD6_TZNP1to5, nRele);//отранж
    226          //Сраб ТЗНП5 3I0
    227            if(isActivCmdRele(TZNP5_3I0_OEPRF_ONB, numRele))//проверка активности команды на Реле
    228              SetCmdToUVV(TZNP_COMP1,  5, IOCMD7_TZNP1to5, nRele);//отранж
    229          //Сраб ПО ТЗНП5 3U0
    230            if(isActivCmdRele(STPDEV_TZNP5_3U0_OEPRF_ONB, numRele))//проверка активности команды на Реле
    231              SetCmdToUVV(TZNP_COMP1,  5, IOCMD8_TZNP1to5, nRele);//отранж
    232          //Сраб ТЗНП5 3U0
    233            if(isActivCmdRele(TZNP5_3U0_OEPRF_ONB, numRele))//проверка активности команды на Реле
    234              SetCmdToUVV(TZNP_COMP1,  5, IOCMD9_TZNP1to5, nRele);//отранж
    235          }// SettingIci_RangirTZNP2Rele(int nRele)
    236          
    237          void SettingIci_RangirTZNP2Led(int nLed)
    238          {
    239          //отранж TZNP на СДИ
    240            int numLed = nLed - CDI1_SM;//нормировка
    241          //Стат блок ТЗНП1
    242            if(isActivCmdLed(BLOCK_TZNP1_DI_OEPRF_ONB, numLed))//проверка активности команды на ДВ
    243              SetCmdToUVV(TZNP_COMP1,  1, IOCMD1_TZNP1to5, nLed);//отранж
    244          //Блок уск ТЗНП1
    245          // if(isActivCmdDV(, numLed))//проверка активности команды на ДВ
    246          //      SetCmdToUVV(TZNP_COMP1,  1, IOCMD2_TZNP1to5, nLed);//отранж
    247          //Опер уск ТЗНП1
    248            if(isActivCmdLed(ACCLT_TZNP1_DI_OEPRF_ONB, numLed))//проверка активности команды на ДВ
    249              SetCmdToUVV(TZNP_COMP1,  1, IOCMD3_TZNP1to5, nLed);//отранж
    250          //Сраб ПО ТЗНП1
    251            if(isActivCmdLed(STPDEV_TZNP1_OEPRF_ONB, numLed))//проверка активности команды на Реле
    252              SetCmdToUVV(TZNP_COMP1,  1, IOCMD4_TZNP1to5, nLed);//отранж
    253          //Сраб ТЗНП1
    254            if(isActivCmdLed(TZNP1_OEPRF_ONB, numLed))//проверка активности команды на Реле
    255              SetCmdToUVV(TZNP_COMP1,  1, IOCMD5_TZNP1to5, nLed);//отранж
    256          //Сраб ПО ТЗНП1 3I0
    257            if(isActivCmdLed(STPDEV_TZNP1_3I0_OEPRF_ONB, numLed))//проверка активности команды на Реле
    258              SetCmdToUVV(TZNP_COMP1,  1, IOCMD6_TZNP1to5, nLed);//отранж
    259          //Сраб ТЗНП1 3I0
    260            if(isActivCmdLed(TZNP1_3I0_OEPRF_ONB, numLed))//проверка активности команды на Реле
    261              SetCmdToUVV(TZNP_COMP1,  1, IOCMD7_TZNP1to5, nLed);//отранж
    262          //Сраб ПО ТЗНП1 3U0
    263            if(isActivCmdLed(STPDEV_TZNP1_3U0_OEPRF_ONB, numLed))//проверка активности команды на Реле
    264              SetCmdToUVV(TZNP_COMP1,  1, IOCMD8_TZNP1to5, nLed);//отранж
    265          //Сраб ТЗНП1 3U0
    266            if(isActivCmdLed(TZNP1__3U0_OEPRF_ONB, numLed))//проверка активности команды на Реле
    267              SetCmdToUVV(TZNP_COMP1,  1, IOCMD9_TZNP1to5, nLed);//отранж
    268          
    269          //Стат блок ТЗНП2
    270            if(isActivCmdLed(BLOCK_TZNP1_DI_OEPRF_ONB, numLed))//проверка активности команды на ДВ
    271              SetCmdToUVV(TZNP_COMP1,  2, IOCMD1_TZNP1to5, nLed);//отранж
    272          //Блок уск ТЗНП2
    273          // if(isActivCmdDV(, numLed))//проверка активности команды на ДВ
    274          //      SetCmdToUVV(TZNP_COMP1,  2, IOCMD2_TZNP1to5, nLed);//отранж
    275          //Опер уск ТЗНП2
    276            if(isActivCmdLed(ACCLT_TZNP2_DI_OEPRF_ONB, numLed))//проверка активности команды на ДВ
    277              SetCmdToUVV(TZNP_COMP1,  2, IOCMD3_TZNP1to5, nLed);//отранж
    278          //Сраб ПО ТЗНП2
    279            if(isActivCmdLed(STPDEV_TZNP2_OEPRF_ONB, numLed))//проверка активности команды на Реле
    280              SetCmdToUVV(TZNP_COMP1,  2, IOCMD4_TZNP1to5, nLed);//отранж
    281          //Сраб ТЗНП2
    282            if(isActivCmdLed(TZNP2_OEPRF_ONB, numLed))//проверка активности команды на Реле
    283              SetCmdToUVV(TZNP_COMP1,  2, IOCMD5_TZNP1to5, nLed);//отранж
    284          //Сраб ПО ТЗНП2 3I0
    285            if(isActivCmdLed(STPDEV_TZNP2_3I0_OEPRF_ONB, numLed))//проверка активности команды на Реле
    286              SetCmdToUVV(TZNP_COMP1,  2, IOCMD6_TZNP1to5, nLed);//отранж
    287          //Сраб ТЗНП2 3I0
    288            if(isActivCmdLed(TZNP2_3I0_OEPRF_ONB, numLed))//проверка активности команды на Реле
    289              SetCmdToUVV(TZNP_COMP1,  2, IOCMD7_TZNP1to5, nLed);//отранж
    290          //Сраб ПО ТЗНП2 3U0
    291            if(isActivCmdLed(STPDEV_TZNP2_3U0_OEPRF_ONB, numLed))//проверка активности команды на Реле
    292              SetCmdToUVV(TZNP_COMP1,  2, IOCMD8_TZNP1to5, nLed);//отранж
    293          //Сраб ТЗНП2 3U0
    294            if(isActivCmdLed(TZNP2_3U0_OEPRF_ONB, numLed))//проверка активности команды на Реле
    295              SetCmdToUVV(TZNP_COMP1,  2, IOCMD9_TZNP1to5, nLed);//отранж
    296          
    297          //Стат блок ТЗНП3
    298            if(isActivCmdLed(BLOCK_TZNP3_DI_OEPRF_ONB, numLed))//проверка активности команды на ДВ
    299              SetCmdToUVV(TZNP_COMP1,  3, IOCMD1_TZNP1to5, nLed);//отранж
    300          //Блок уск ТЗНП3
    301          // if(isActivCmdDV(, numLed))//проверка активности команды на ДВ
    302          //      SetCmdToUVV(TZNP_COMP1,  3, IOCMD2_TZNP1to5, nLed);//отранж
    303          //Опер уск ТЗНП3
    304            if(isActivCmdLed(ACCLT_TZNP3_DI_OEPRF_ONB, numLed))//проверка активности команды на ДВ
    305              SetCmdToUVV(TZNP_COMP1,  3, IOCMD3_TZNP1to5, nLed);//отранж
    306          //Сраб ПО ТЗНП3
    307            if(isActivCmdLed(STPDEV_TZNP3_OEPRF_ONB, numLed))//проверка активности команды на Реле
    308              SetCmdToUVV(TZNP_COMP1,  3, IOCMD4_TZNP1to5, nLed);//отранж
    309          //Сраб ТЗНП3
    310            if(isActivCmdLed(TZNP3_OEPRF_ONB, numLed))//проверка активности команды на Реле
    311              SetCmdToUVV(TZNP_COMP1,  3, IOCMD5_TZNP1to5, nLed);//отранж
    312          //Сраб ПО ТЗНП3 3I0
    313            if(isActivCmdLed(STPDEV_TZNP3_3I0_OEPRF_ONB, numLed))//проверка активности команды на Реле
    314              SetCmdToUVV(TZNP_COMP1,  3, IOCMD6_TZNP1to5, nLed);//отранж
    315          //Сраб ТЗНП3 3I0
    316            if(isActivCmdLed(TZNP3_3I0_OEPRF_ONB, numLed))//проверка активности команды на Реле
    317              SetCmdToUVV(TZNP_COMP1,  3, IOCMD7_TZNP1to5, nLed);//отранж
    318          //Сраб ПО ТЗНП3 3U0
    319            if(isActivCmdLed(STPDEV_TZNP3_3U0_OEPRF_ONB, numLed))//проверка активности команды на Реле
    320              SetCmdToUVV(TZNP_COMP1,  3, IOCMD8_TZNP1to5, nLed);//отранж
    321          //Сраб ТЗНП3 3U0
    322            if(isActivCmdLed(TZNP3_3U0_OEPRF_ONB, numLed))//проверка активности команды на Реле
    323              SetCmdToUVV(TZNP_COMP1,  3, IOCMD9_TZNP1to5, nLed);//отранж
    324          
    325          //Стат блок ТЗНП4
    326            if(isActivCmdLed(BLOCK_TZNP4_DI_OEPRF_ONB, numLed))//проверка активности команды на ДВ
    327              SetCmdToUVV(TZNP_COMP1,  4, IOCMD1_TZNP1to5, nLed);//отранж
    328          //Блок уск ТЗНП4
    329          // if(isActivCmdDV(, numLed))//проверка активности команды на ДВ
    330          //      SetCmdToUVV(TZNP_COMP1,  4, IOCMD2_TZNP1to5, nLed);//отранж
    331          //Опер уск ТЗНП4
    332            if(isActivCmdLed(ACCLT_TZNP4_DI_OEPRF_ONB, numLed))//проверка активности команды на ДВ
    333              SetCmdToUVV(TZNP_COMP1,  4, IOCMD3_TZNP1to5, nLed);//отранж
    334          //Сраб ПО ТЗНП4
    335            if(isActivCmdLed(STPDEV_TZNP4_OEPRF_ONB, numLed))//проверка активности команды на Реле
    336              SetCmdToUVV(TZNP_COMP1,  4, IOCMD4_TZNP1to5, nLed);//отранж
    337          //Сраб ТЗНП4
    338            if(isActivCmdLed(TZNP4_OEPRF_ONB, numLed))//проверка активности команды на Реле
    339              SetCmdToUVV(TZNP_COMP1,  4, IOCMD5_TZNP1to5, nLed);//отранж
    340          //Сраб ПО ТЗНП4 3I0
    341            if(isActivCmdLed(STPDEV_TZNP4_3I0_OEPRF_ONB, numLed))//проверка активности команды на Реле
    342              SetCmdToUVV(TZNP_COMP1,  4, IOCMD6_TZNP1to5, nLed);//отранж
    343          //Сраб ТЗНП4 3I0
    344            if(isActivCmdLed(TZNP4_3I0_OEPRF_ONB, numLed))//проверка активности команды на Реле
    345              SetCmdToUVV(TZNP_COMP1,  4, IOCMD7_TZNP1to5, nLed);//отранж
    346          //Сраб ПО ТЗНП4 3U0
    347            if(isActivCmdLed(STPDEV_TZNP4_3U0_OEPRF_ONB, numLed))//проверка активности команды на Реле
    348              SetCmdToUVV(TZNP_COMP1,  4, IOCMD8_TZNP1to5, nLed);//отранж
    349          //Сраб ТЗНП4 3U0
    350            if(isActivCmdLed(TZNP4_3U0_OEPRF_ONB, numLed))//проверка активности команды на Реле
    351              SetCmdToUVV(TZNP_COMP1,  4, IOCMD9_TZNP1to5, nLed);//отранж
    352          
    353          //Стат блок ТЗНП5
    354            if(isActivCmdLed(BLOCK_TZNP5_DI_OEPRF_ONB, numLed))//проверка активности команды на ДВ
    355              SetCmdToUVV(TZNP_COMP1,  5, IOCMD1_TZNP1to5, nLed);//отранж
    356          //Блок уск ТЗНП5
    357          // if(isActivCmdDV(, numLed))//проверка активности команды на ДВ
    358          //      SetCmdToUVV(TZNP_COMP1,  5, IOCMD2_TZNP1to5, nLed);//отранж
    359          //Опер уск ТЗНП5
    360            if(isActivCmdLed(ACCLT_TZNP5_DI_OEPRF_ONB, numLed))//проверка активности команды на ДВ
    361              SetCmdToUVV(TZNP_COMP1,  5, IOCMD3_TZNP1to5, nLed);//отранж
    362          //Сраб ПО ТЗНП5
    363            if(isActivCmdLed(STPDEV_TZNP5_OEPRF_ONB, numLed))//проверка активности команды на Реле
    364              SetCmdToUVV(TZNP_COMP1,  5, IOCMD4_TZNP1to5, nLed);//отранж
    365          //Сраб ТЗНП5
    366            if(isActivCmdLed(TZNP5_OEPRF_ONB, numLed))//проверка активности команды на Реле
    367              SetCmdToUVV(TZNP_COMP1,  5, IOCMD5_TZNP1to5, nLed);//отранж
    368          //Сраб ПО ТЗНП5 3I0
    369            if(isActivCmdLed(STPDEV_TZNP5_3I0_OEPRF_ONB, numLed))//проверка активности команды на Реле
    370              SetCmdToUVV(TZNP_COMP1,  5, IOCMD6_TZNP1to5, nLed);//отранж
    371          //Сраб ТЗНП5 3I0
    372            if(isActivCmdLed(TZNP5_3I0_OEPRF_ONB, numLed))//проверка активности команды на Реле
    373              SetCmdToUVV(TZNP_COMP1,  5, IOCMD7_TZNP1to5, nLed);//отранж
    374          //Сраб ПО ТЗНП5 3U0
    375            if(isActivCmdLed(STPDEV_TZNP5_3U0_OEPRF_ONB, numLed))//проверка активности команды на Реле
    376              SetCmdToUVV(TZNP_COMP1,  5, IOCMD8_TZNP1to5, nLed);//отранж
    377          //Сраб ТЗНП5 3U0
    378            if(isActivCmdLed(TZNP5_3U0_OEPRF_ONB, numLed))//проверка активности команды на Реле
    379              SetCmdToUVV(TZNP_COMP1,  5, IOCMD9_TZNP1to5, nLed);//отранж
    380          }// SettingIci_RangirTZNP2Led(int nLed)

   Maximum stack usage in bytes:

   .cstack Function
   ------- --------
      16   SettingIci_RangirTZNP2DV
        16   -> SetCmdToUVV
        16   -> isActivCmdDV
      16   SettingIci_RangirTZNP2Led
        16   -> SetCmdToUVV
        16   -> isActivCmdLed
      16   SettingIci_RangirTZNP2Rele
        16   -> SetCmdToUVV
        16   -> isActivCmdRele


   Section sizes:

   Bytes  Function/Label
   -----  --------------
     736  SettingIci_RangirTZNP2DV
    1936  SettingIci_RangirTZNP2Led
    1936  SettingIci_RangirTZNP2Rele

 
 4 608 bytes in section .text
 
 4 608 bytes of CODE memory

Errors: none
Warnings: none
