###############################################################################
#
# IAR ANSI C/C++ Compiler V7.40.2.8542/W32 for ARM        20/Oct/2015  12:49:47
# Copyright 1999-2015 IAR Systems AB.
#
#    Cpu mode     =  arm
#    Endian       =  little
#    Source file  =  
#        D:\IAR projects\HR1_0100_00_I720_new2\component\TZNP2Component.c
#    Command line =  
#        "D:\IAR projects\HR1_0100_00_I720_new2\component\TZNP2Component.c" -D
#        _STATIC_MEMORY_BOOT -lcN "D:\IAR
#        projects\HR1_0100_00_I720_new2\EWP\Debug xFlash\List\" -o "D:\IAR
#        projects\HR1_0100_00_I720_new2\EWP\Debug xFlash\Obj\" --no_cse
#        --no_unroll --no_inline --no_code_motion --no_tbaa --no_clustering
#        --no_scheduling --debug --endian=little --cpu=ARM926EJ-S -e
#        --fpu=VFP9-S --dlib_config "C:\Program Files\IAR Systems\Embedded
#        Workbench 7.40\arm\INC\c\DLib_Config_Normal.h" -I "D:\IAR
#        projects\HR1_0100_00_I720_new2\EWP\..\NXP\" -I "D:\IAR
#        projects\HR1_0100_00_I720_new2\EWP\..\LIB\include\" -I "D:\IAR
#        projects\HR1_0100_00_I720_new2\EWP\..\inc\" -I "D:\IAR
#        projects\HR1_0100_00_I720_new2\EWP\..\Igor\" -I "D:\IAR
#        projects\HR1_0100_00_I720_new2\EWP\..\mal\" -I "D:\IAR
#        projects\HR1_0100_00_I720_new2\EWP\..\component\" -I "D:\IAR
#        projects\HR1_0100_00_I720_new2\EWP\..\psupervisor\" -I "D:\IAR
#        projects\HR1_0100_00_I720_new2\EWP\..\virtualMenu\" -I "D:\IAR
#        projects\HR1_0100_00_I720_new2\EWP\..\callbackElement\" -I "D:\IAR
#        projects\HR1_0100_00_I720_new2\EWP\..\logictimers\" -I "D:\IAR
#        projects\HR1_0100_00_I720_new2\EWP\..\zonaVRT\" -I "D:\IAR
#        projects\HR1_0100_00_I720_new2\EWP\..\" --cpu_mode arm -On
#        --use_c++_inline
#    List file    =  
#        D:\IAR projects\HR1_0100_00_I720_new2\EWP\Debug
#        xFlash\List\TZNP2Component.lst
#    Object file  =  
#        D:\IAR projects\HR1_0100_00_I720_new2\EWP\Debug
#        xFlash\Obj\TZNP2Component.o
#
###############################################################################

D:\IAR projects\HR1_0100_00_I720_new2\component\TZNP2Component.c
      1          #ifndef _HIDE_COMPONENT
      2          /*
      3          #include <vcl.h>
      4          #include <strstrea.h>
      5          #include <math.h>
      6          #include <mem.h>
      7          #include <fstream.h>
      8          #include <strstrea.h>
      9          #include <iomanip.h>
     10          #pragma hdrstop
     11          
     12          #include "vmenuDis.h"
     13          */
     14          
     15          #include <stdio.h>
     16          #include <string.h>
     17          
     18          #include "bazisdef.h"
     19          #include "component\componentdef.h"
     20          #include "virtualMenu\systemmenudef.h"
     21          #include "virtualMenu\ustmanagerdef.h"
     22          
     23          #include "virtualMenu\textstreamfnc.h"
     24          #include "virtualMenu\systemmenufnc.h"
     25          #include "virtualMenu\ustmanagerfnc.h"
     26          #include "psuperVisor\psvisor_helpfnc.h"
     27          #include "virtualMenu\rangmanagerfnc.h"
     28          
     29          #include "virtualMenu\viewMenuList.h"
     30          
     31          #include "..\bazis.h"
     32          
     33          //код компонентов
     34          #define KOD_COMPONENT  TZNP_COMP1
     35          //к-во ступеней
     36          #define CNT_STUPEN_TZNP  5
     37          
     38          #endif // _HIDE_COMPONENT
     39          
     40          #ifndef _HIDE_COMPONENT
     41          
     42          #define _HIDE_COMPONENT
     43          #include "TZNP1Component.c"
     44          
     45          extern COMPONENT_OBJ rpzcomponent_obj;//обект компонента для репозитария
     46          extern int  tmpUSTAVKI[];
     47          
     48          extern LineMenuItem sub_menu_cnf[];
     49          extern LineMenuItem sub_menu_TZNP[];
     50          extern LineMenuItem sub_menu_tmp[];
     51          extern int  IndexUstSPV;//индекс уставок в супервизоре
     52          
     53          extern COMPONENT_OBJ  cnfCOMPONENT[];
     54          extern int  spvUSTAVKI[];//текущие уставки супервизора
     55          extern char *bitStringUNI[];
     56          
     57          void PereinitUstListCompTZNP2(short flg);
     58          void UstListCompTZNP2();
     59          void ustRedactorCompTZNP2();
     60          void UstCompTZNP2();
     61          
     62          void PereinitVidListCompTZNP2(short flg);
     63          void VidListCompTZNP2();
     64          void vidRedactorCompTZNP2();
     65          void VidCompTZNP2();
     66          
     67          void PereinitUprListCompTZNP2(short flg);
     68          void UprListCompTZNP2();
     69          void uprRedactorCompTZNP2();
     70          void UprCompTZNP2();
     71          short  KadrMenuFormat_upr_compTZNP2(void *workCntr);//(WorkControl *workCntr);
     72          int  initUstTZNP2(char init);
     73          void  prepareUstTZNP2(short idxC);
     74          void  prepareUstTZNP1(short idxC);
     75          
     76          //int ViewerEditUstTZNP2();
     77          //int ViewerEditVidTZNP2();
     78          void EditUstTZNP2();
     79          void EditVidTZNP2();
     80          void EditUprTZNP2();
     81          int codecUstTZNP2(char codec, short offset, int ust);
     82          int codecUstTZNP1(char codec, short offset, int ust);
     83          int initUstTZNP1(char init);
     84          
     85          char *selectorUprStrTZNP2(short iBit, UNS_32 ustUpr);
     86          short  KadrMenuFormat_ustvidTZNP(void *workCntr);//(WorkControl *workCntr);
     87          
     88          char TZNP2_TITLE[] = "ТЗНП2";
     89          
     90          IONAMESTATUS_COMPONENT ionsTZNP2[IOCMD_TZNP1to5_TOTAL] =
     91          {
     92            {
     93              1,//статус iocmd1
     94              "Стат блок ТЗНП2"
     95            },
     96            {
     97              1,//статус iocmd2
     98              "Блок уск ТЗНП2"
     99            },
    100            {
    101              1,//статус iocmd3
    102              "Опер уск ТЗНП2"
    103            },
    104            {
    105              1,//статус iocmd4
    106              "Сраб ПО ТЗНП2"
    107            },
    108            {
    109              1,//статус iocmd5
    110              "Сраб ТЗНП2"
    111            },
    112            {
    113              1,//статус iocmd6
    114              "Сраб ПО ТЗНП2 3I0"
    115            },
    116            {
    117              1,//статус iocmd7
    118              "Сраб ТЗНП2 3I0"
    119            },
    120            {
    121              1,//статус iocmd8
    122              "Сраб ПО ТЗНП2 3U0"
    123            },
    124            {
    125              1,//статус iocmd9
    126              "Сраб ТЗНП2 3U0"
    127            },
    128            {
    129              1,//статус iocmd10
    130              "Теле уск ТЗНП2"
    131            },
    132            {
    133              1,//статус iocmd11
    134              "Сектор ТЗНП2"
    135            }
    136          };
    137          
    138          LineMenuItem sub_menu_comp_TZNP2[8] =
    139          {
    140            { TZNP2_TITLE, NULL},//title
    141            { &CONTROL1_COMP, &sub_menu_TZNP, typeMenuSub},//control_item, parent
    142            { "Уставки ТЗНП2",     (void*)&UstListCompTZNP2, typeMenuProg},
    143            { "Выдержки ТЗНП2",    (void*)&VidListCompTZNP2, typeMenuProg},
    144            { "Управление ТЗНП2",  (void*)&UprListCompTZNP2, typeMenuProg},
    145            { NULL, NULL}
    146          };
    147          
    148          LineMenuItem sub_menu_ust_compTZNP2[] =
    149          {
    150            { "Уставки ТЗНП2", NULL},//title
    151            { &CONTROL2_COMP, sub_menu_comp_TZNP2, typeMenuList},//control_item, parent
    152            { "Уст ТЗНП2 3I0",        (void*)&UstCompTZNP2, typeMenuProg},
    153            { "Уст ТЗНП2 3U0",        (void*)&UstCompTZNP2, typeMenuProg},
    154            { NULL, NULL}
    155          
    156          };
    157          
    158          LineMenuItem sub_menu_vid_compTZNP2[] =
    159          {
    160            { "Выдержки ТЗНП2", NULL},//title
    161            { &CONTROL2_COMP, sub_menu_comp_TZNP2, typeMenuList},//control_item, parent
    162          /*
    163            { "Выдержка ТЗНП2",         (void*)&VidCompTZNP2, typeMenuProg},
    164            { "Выдержка ТЗНП2 3I0",     (void*)&VidCompTZNP2, typeMenuProg},
    165            { "Выдержка ТЗНП2 3U0",     (void*)&VidCompTZNP2, typeMenuProg},
    166            { "Ввод ускор ТЗНП2",       (void*)&VidCompTZNP2, typeMenuProg},
    167          
    168            { "Ускор ТЗНП2 ВВ",         (void*)&VidCompTZNP2, typeMenuProg},
    169            { "Ускор ТЗНП2 ОУ",         (void*)&VidCompTZNP2, typeMenuProg},
    170            { "Ускор ТЗНП2 ТУ",         (void*)&VidCompTZNP2, typeMenuProg},
    171          
    172            { "Ускор ТЗНП2 3I0 ВВ",     (void*)&VidCompTZNP2, typeMenuProg},
    173            { "Ускор ТЗНП2 3I0 ОУ",     (void*)&VidCompTZNP2, typeMenuProg},
    174            { "Ускор ТЗНП2 3I0 ТУ",     (void*)&VidCompTZNP2, typeMenuProg},
    175          */
    176            { NULL, NULL}
    177          
    178          };
    179          
    180          LineMenuItem sub_menu_upr_compTZNP2[] =
    181          {
    182            { "Управл ТЗНП2", NULL},//title
    183            { &CONTROL2_COMP, sub_menu_comp_TZNP2, typeMenuList},//control_item, parent
    184            { "Управл ТЗНП2",        (void*)&UprCompTZNP2, typeMenuProg},
    185            { "Управл ТЗНП2 3I0",    (void*)&UprCompTZNP2, typeMenuProg},
    186            { "Управл ТЗНП2 3U0",    (void*)&UprCompTZNP2, typeMenuProg},
    187            { "Направл ТЗНП2",       (void*)&UprCompTZNP2, typeMenuProg},
    188            { "Ускор ВВ ТЗНП2",      (void*)&UprCompTZNP2, typeMenuProg},
    189            { "Автомат уск ТЗНП2",   (void*)&UprCompTZNP2, typeMenuProg},
    190            { "Телеускор ТЗНП2",     (void*)&UprCompTZNP2, typeMenuProg},
    191            { NULL, NULL}
    192          
    193          };
    194          
    195          void PereinitUstListCompTZNP2(short flg)
    196          {
    197          //переиниц
    198            //инит компонентного контроля
    199            TxtStreamInit(&CONTROL2_COMP, &KadrMenuFormat_ustvidTZNP, sub_menu_ust_compTZNP2);//инит control и формир кадра
    200            if(flg==0)//END
    201            {
    202              TxtStreamSetEnd(&CONTROL2_COMP, SIZE_PAGE_VIEW/2);//перейти на END
    203            }//if
    204          
    205            ViewDiskrMenuList();//вывести окно отображения
    206            ListPStr();//доступ к уставкам
    207          }//PereinitUstListComp2()
    208          
    209          void UstListCompTZNP2()
    210          {
    211            SelectorMNGBAZA(0);//установка базу уставок
    212          
    213            SelectorSUBMENU(sub_menu_ust_compTZNP2);//уcтановить текущее субменю
    214          
    215            SelectorTEXTCONTROL(&CONTROL2_COMP);//текущий control
    216          
    217            SelectorFHOME(&PereinitUstListCompTZNP2);//указатель на ф-цию HOME
    218            InitFHOME(1);//exe ф-цию HOME
    219          
    220            LanderUpDown();//wkl Up Down
    221          }//UstListCompTZNP2()
    222          
    223          void UstCompTZNP2()
    224          {
    225            SelectorCRRLIGHTLINE();//найти подсвеченную строку текущего текст потока
    226            PrepareEditMenu(sub_menu_ust_compTZNP2);
    227            PassWord(EditUstTZNP2);
    228          }//VidCompTZNP2()
    229          
    230          void EditUstTZNP2()
    231          {
    232          //редактировать уставку
    233            SystemEditUst(sub_menu_ust_compTZNP2);//[LIGHTLINEMENU +1+SUBDATA].Line1, LIGHTLINEMENU);
    234          }//UstCompTZNP2()
    235          
    236          //--------------------------------------------------
    237          
    238          void PereinitVidListCompTZNP2(short flg)
    239          {
    240          //переиниц
    241            //инит компонентного контроля
    242            TxtStreamInit(&CONTROL2_COMP, &KadrMenuFormat_ustvidTZNP, sub_menu_vid_compTZNP2);//инит control и формир кадра
    243            if(flg==0)//END
    244            {
    245              TxtStreamSetEnd(&CONTROL2_COMP, SIZE_PAGE_VIEW/2);//перейти на END
    246            }//if
    247          
    248            ViewDiskrMenuList();//вывести окно отображения
    249            ListPStr();//доступ к уставкам
    250          }//PereinitUstListComp2()
    251          
    252          void VidListCompTZNP2()
    253          {
    254            SelectorMNGBAZA(MNGVID_TZNP1to5);//установка базы уставок
    255          
    256            SelectorSUBMENU(sub_menu_vid_compTZNP2);//утановить текущее субменю
    257          
    258            SelectorTEXTCONTROL(&CONTROL2_COMP);//текущий control
    259          
    260            SelectorFHOME(&PereinitVidListCompTZNP2);//указатель на ф-цию HOME
    261            InitFHOME(1);//exe ф-цию HOME
    262          
    263            LanderUpDown();//wkl Up Down
    264          }//VidListCompTZNP2()
    265          
    266          void VidCompTZNP2()
    267          {
    268            SelectorCRRLIGHTLINE();//найти подсвеченную строку текущего текст потока
    269            PrepareEditMenu(sub_menu_vid_compTZNP2);
    270          //  PassWord(EditVidAPV);
    271            EditVidTZNP2();
    272          }//VidCompTZNP2()
    273          
    274          void EditVidTZNP2()
    275          {
    276          //редактировать уставку
    277            SystemEditUst(sub_menu_vid_compTZNP2);
    278          }//
    279          
    280          //--------------------------------------------------
    281          
    282          void PereinitUprListCompTZNP2(short flg)
    283          {
    284          //переиниц
    285            //инит компонентного контроля
    286            TxtStreamInit(&CONTROL2_COMP, &KadrMenuFormat_upr_compTZNP2, NULL);//инит control и формир кадра
    287            if(flg==0)//END
    288            {
    289              TxtStreamSetEnd(&CONTROL2_COMP, SIZE_PAGE_VIEW/2);//перейти на END
    290            }//if
    291          
    292            ViewDiskrMenuList();//вывести окно отображения
    293            ListPStr();//доступ к уставкам
    294          }//PereinitUstListComp2()
    295          
    296          void UprListCompTZNP2()
    297          {
    298            SelectorMNGBAZA(MNGUPR_TZNP1to5);//установка базы уставок
    299          
    300            SelectorSUBMENU(sub_menu_upr_compTZNP2);//утановить текущее субменю
    301          
    302            SelectorTEXTCONTROL(&CONTROL2_COMP);//текущий control
    303          
    304            SelectorFHOME(&PereinitUprListCompTZNP2);//указатель на ф-цию HOME
    305            InitFHOME(1);//exe ф-цию HOME
    306          
    307            LanderUpDown();//wkl Up Down
    308          }//VidListCompNZOP2()
    309          
    310          void UprCompTZNP2()
    311          {
    312            SelectorCRRLIGHTLINE();//найти подсвеченную строку текущего текст потока
    313            PrepareEditMenu(sub_menu_upr_compTZNP2);
    314            PassWord(EditUprTZNP2);
    315          
    316          }//UprCompTZNP2()
    317          
    318          void EditUprTZNP2()
    319          {
    320          //редактировать уставку упр
    321            char *nameUpr = (char *)sub_menu_upr_compTZNP2[LIGHTLINEMENU +1+SUBDATA].Line1;
    322            UpravlRedactor(nameUpr, LIGHTLINEMENU, &selectorUprStrTZNP2);//редактировать уставку управления
    323          }//EditUprTZNP2()
    324          
    325          short  KadrMenuFormat_upr_compTZNP2(void *pstr)//(WorkControl *workCntr)
    326          {
    327           WorkControl *workCntr = (WorkControl *)pstr;
    328          //формирователь кадра
    329            RESET_COUNTER;//сброс счетчиков
    330            for(int i=0;; i++)
    331            {
    332          //критерий терминатора
    333              char *nameUpr = (char *)sub_menu_upr_compTZNP2[i+1+SUBDATA].Line1;
    334              if(nameUpr==NULL) break;
    335          
    336              COMPARE_COUNTER
    337              {
    338                strcpy((char *)workCntr->twoString, nameUpr);
    339          
    340                strcpy((char *)workCntr->twoString + sizeof(WorkVariantChar)/2,
    341                selectorUprStrTZNP2(i, getCurrentMngUSTAVKI()));
    342          
    343                return 1;//сравнить счетчики кадров
    344              }
    345            }//for
    346          
    347            return 1;
    348          }//KadrMenuFormat_upr_compTZNP2(WorkControl *workCntr)
    349          
    350          char *selectorUprStrTZNP2(short iBit, UNS_32 ustUpr)
    351          {
    352            switch(iBit)
    353            {
    354          
    355            default:
    356              if(NumBitCheckWord(iBit, &ustUpr)) return bitStringUNI[UNIUPR_WKL];
    357              return bitStringUNI[UNIUPR_OTKL];
    358            }//switch
    359          }//selectorUprStrTZNP2(short ibit, UNS_32 ustUpr)
    360          
    361          int initUstTZNP2(char init)
    362          {
    363           return initUstTZNP1(init);
    364          }//initUstTZNP2(short mngUst, char init)
    365          
    366          void  prepareUstTZNP2(short idxC)
    367          {
    368            prepareUstTZNP1(idxC);
    369          }//prepareUstTZNP2(short idxC)
    370          
    371          int codecUstTZNP2(char codec, short offset, int ust)
    372          //codec=0-кодировать
    373          //codec=1-раскодировать
    374          {
    375            //кодировать-раскодировать уставку
    376           return codecUstTZNP1(codec, offset, ust);
    377          }//codecUstTZNP2(char *buf, short offset, int ust)
    378          
    379          char diffTZNP2ToRepozitar()
    380          {
    381          //зарегистрировать компонент в репозитарии
    382            rpzcomponent_obj.componentEnable = 1;//разрешение компонента
    383            rpzcomponent_obj.kodC   = KOD_COMPONENT;         //код компонента
    384            rpzcomponent_obj.permanent = 0; //перманентный компонент
    385          
    386            strcpy(rpzcomponent_obj.nameComponent,  TZNP2_TITLE);       //имя компонента
    387            rpzcomponent_obj.sub_menu_component =  sub_menu_comp_TZNP2;//sub_menu_component;
    388          
    389            rpzcomponent_obj.cntClon     = CNT_STUPEN_TZNP;   //к-во клонов
    390            rpzcomponent_obj.numClon     = 2;//номер клона
    391            rpzcomponent_obj.workToSignal = 0; //Работа на сигнал
    392          
    393            rpzcomponent_obj.initUstMng     = initUstTZNP2;    //инициал уставок
    394            rpzcomponent_obj.prepareUstSpv  = prepareUstTZNP2;//подготовка уставок
    395          
    396            rpzcomponent_obj.nameStatusIO = ionsTZNP2;          //имена и статус команд IO
    397          
    398            rpzcomponent_obj.codecUst = codecUstTZNP2;   //кодировать-раскодировать уставку
    399          
    400            return 0;//не пакетная регистрация
    401          }//
    402          
    403          #endif // _HIDE_COMPONENT
    404          

   Maximum stack usage in bytes:

   .cstack Function
   ------- --------
       8   EditUprTZNP2
         8   -> UpravlRedactor
       8   EditUstTZNP2
         8   -> SystemEditUst
       8   EditVidTZNP2
         8   -> SystemEditUst
      24   KadrMenuFormat_upr_compTZNP2
        24   -> getCurrentMngUSTAVKI
        24   -> selectorUprStrTZNP2
        24   -> strcpy
       8   PereinitUprListCompTZNP2
         8   -> ListPStr
         8   -> TxtStreamInit
         8   -> TxtStreamSetEnd
         8   -> ViewDiskrMenuList
       8   PereinitUstListCompTZNP2
         8   -> ListPStr
         8   -> TxtStreamInit
         8   -> TxtStreamSetEnd
         8   -> ViewDiskrMenuList
       8   PereinitVidListCompTZNP2
         8   -> ListPStr
         8   -> TxtStreamInit
         8   -> TxtStreamSetEnd
         8   -> ViewDiskrMenuList
       8   UprCompTZNP2
         8   -> PassWord
         8   -> PrepareEditMenu
         8   -> SelectorCRRLIGHTLINE
       8   UprListCompTZNP2
         8   -> InitFHOME
         8   -> LanderUpDown
         8   -> SelectorFHOME
         8   -> SelectorMNGBAZA
         8   -> SelectorSUBMENU
         8   -> SelectorTEXTCONTROL
       8   UstCompTZNP2
         8   -> PassWord
         8   -> PrepareEditMenu
         8   -> SelectorCRRLIGHTLINE
       8   UstListCompTZNP2
         8   -> InitFHOME
         8   -> LanderUpDown
         8   -> SelectorFHOME
         8   -> SelectorMNGBAZA
         8   -> SelectorSUBMENU
         8   -> SelectorTEXTCONTROL
       8   VidCompTZNP2
         8   -> EditVidTZNP2
         8   -> PrepareEditMenu
         8   -> SelectorCRRLIGHTLINE
       8   VidListCompTZNP2
         8   -> InitFHOME
         8   -> LanderUpDown
         8   -> SelectorFHOME
         8   -> SelectorMNGBAZA
         8   -> SelectorSUBMENU
         8   -> SelectorTEXTCONTROL
      16   codecUstTZNP2
        16   -> codecUstTZNP1
       8   diffTZNP2ToRepozitar
         8   -> strcpy
       8   initUstTZNP2
         8   -> initUstTZNP1
       8   prepareUstTZNP2
         8   -> prepareUstTZNP1
      16   selectorUprStrTZNP2
        16   -> NumBitCheckWord


   Section sizes:

   Bytes  Function/Label
   -----  --------------
       4  ??DataTable14
       4  ??DataTable14_1
       4  ??DataTable14_10
       4  ??DataTable14_11
       4  ??DataTable14_2
       4  ??DataTable14_3
       4  ??DataTable14_4
       4  ??DataTable14_5
       4  ??DataTable14_6
       4  ??DataTable14_7
       4  ??DataTable14_8
       4  ??DataTable14_9
      16  ?_0
      16  ?_1
      16  ?_10
      16  ?_11
      16  ?_12
      20  ?_13
      16  ?_14
      16  ?_15
      16  ?_16
      20  ?_17
      20  ?_18
      16  ?_19
      16  ?_2
      16  ?_20
      20  ?_21
      16  ?_22
      16  ?_3
      12  ?_4
      20  ?_5
      16  ?_6
      20  ?_7
      16  ?_8
      16  ?_9
      52  EditUprTZNP2
      16  EditUstTZNP2
      16  EditVidTZNP2
     160  KadrMenuFormat_upr_compTZNP2
      68  PereinitUprListCompTZNP2
      68  PereinitUstListCompTZNP2
      68  PereinitVidListCompTZNP2
       8  TZNP2_TITLE
      28  UprCompTZNP2
      52  UprListCompTZNP2
      28  UstCompTZNP2
      52  UstListCompTZNP2
      24  VidCompTZNP2
      52  VidListCompTZNP2
      48  codecUstTZNP2
     156  diffTZNP2ToRepozitar
      24  initUstTZNP2
      88  ionsTZNP2
      28  prepareUstTZNP2
      60  selectorUprStrTZNP2
      96  sub_menu_comp_TZNP2
     120  sub_menu_upr_compTZNP2
      60  sub_menu_ust_compTZNP2
      36  sub_menu_vid_compTZNP2

 
   408 bytes in section .data
   388 bytes in section .rodata
 1 048 bytes in section .text
 
 1 048 bytes of CODE  memory
   388 bytes of CONST memory
   408 bytes of DATA  memory

Errors: none
Warnings: none
