###############################################################################
#
# IAR ANSI C/C++ Compiler V7.40.2.8542/W32 for ARM        20/Oct/2015  12:49:48
# Copyright 1999-2015 IAR Systems AB.
#
#    Cpu mode     =  arm
#    Endian       =  little
#    Source file  =  
#        D:\IAR projects\HR1_0100_00_I720_new2\virtualMenu\viewMenuList.c
#    Command line =  
#        "D:\IAR projects\HR1_0100_00_I720_new2\virtualMenu\viewMenuList.c" -D
#        _STATIC_MEMORY_BOOT -lcN "D:\IAR
#        projects\HR1_0100_00_I720_new2\EWP\Debug xFlash\List\" -o "D:\IAR
#        projects\HR1_0100_00_I720_new2\EWP\Debug xFlash\Obj\" --no_cse
#        --no_unroll --no_inline --no_code_motion --no_tbaa --no_clustering
#        --no_scheduling --debug --endian=little --cpu=ARM926EJ-S -e
#        --fpu=VFP9-S --dlib_config "C:\Program Files\IAR Systems\Embedded
#        Workbench 7.40\arm\INC\c\DLib_Config_Normal.h" -I "D:\IAR
#        projects\HR1_0100_00_I720_new2\EWP\..\NXP\" -I "D:\IAR
#        projects\HR1_0100_00_I720_new2\EWP\..\LIB\include\" -I "D:\IAR
#        projects\HR1_0100_00_I720_new2\EWP\..\inc\" -I "D:\IAR
#        projects\HR1_0100_00_I720_new2\EWP\..\Igor\" -I "D:\IAR
#        projects\HR1_0100_00_I720_new2\EWP\..\mal\" -I "D:\IAR
#        projects\HR1_0100_00_I720_new2\EWP\..\component\" -I "D:\IAR
#        projects\HR1_0100_00_I720_new2\EWP\..\psupervisor\" -I "D:\IAR
#        projects\HR1_0100_00_I720_new2\EWP\..\virtualMenu\" -I "D:\IAR
#        projects\HR1_0100_00_I720_new2\EWP\..\callbackElement\" -I "D:\IAR
#        projects\HR1_0100_00_I720_new2\EWP\..\logictimers\" -I "D:\IAR
#        projects\HR1_0100_00_I720_new2\EWP\..\zonaVRT\" -I "D:\IAR
#        projects\HR1_0100_00_I720_new2\EWP\..\" --cpu_mode arm -On
#        --use_c++_inline
#    List file    =  
#        D:\IAR projects\HR1_0100_00_I720_new2\EWP\Debug
#        xFlash\List\viewMenuList.lst
#    Object file  =  
#        D:\IAR projects\HR1_0100_00_I720_new2\EWP\Debug
#        xFlash\Obj\viewMenuList.o
#
###############################################################################

D:\IAR projects\HR1_0100_00_I720_new2\virtualMenu\viewMenuList.c
      1          /*
      2          #include <vcl.h>
      3          #include <strstrea.h>
      4          #include <math.h>
      5          #include <mem.h>
      6          #include <fstream.h>
      7          #include <strstrea.h>
      8          #include <iomanip.h>
      9          #pragma hdrstop
     10          
     11          #include "vmenuDis.h"
     12          */
     13          
     14          #include <stdio.h>
     15          #include <string.h>
     16          
     17          #include "bazisdef.h"
     18          #include "component\componentdef.h"
     19          #include "virtualMenu\systemmenudef.h"
     20          
     21          #include "virtualMenu\textstreamfnc.h"
     22          
     23          void ViewDiskrMenuList()
     24          {
     25          //вывести страницу List
     26          /*
     27            WorkVariantChar workVariantCharLoc;//буфер кадра
     28          
     29            int tmp = TxtStreamIteratorBegin((void *)&workVariantCharLoc, CRR_TEXTSTREAM);//движение вниз
     30          
     31            if(tmp==-1) //файла нет или пустой
     32            {
     33              FvmenuDis->Str1Label->Caption = "ПУСТО";
     34              FvmenuDis->Str2Label->Caption = "";
     35              FvmenuDis->Str3Label->Caption = "";
     36              FvmenuDis->Str4Label->Caption = "";
     37              return ;
     38            }//if
     39          
     40            if(tmp==0) //достигнут конец файла
     41            {
     42              return ;
     43            }//if
     44          
     45            //показать результат
     46            FvmenuDis->Str1Label->Caption = workVariantCharLoc.TwoString[0];
     47            FvmenuDis->Str2Label->Caption = workVariantCharLoc.TwoString[1];
     48          
     49            if(TxtStreamIteratorMidle(CRR_TEXTSTREAM)==0) //движение вниз
     50            {
     51              //достигнут конец файла
     52              PNTCRR_TEXTSTREAM->StpStringViewer = 0;//stp указател строки
     53              FvmenuDis->Str3Label->Caption = "";
     54              FvmenuDis->Str4Label->Caption = "";
     55              return ;
     56            }//if
     57            //показать результат
     58            FvmenuDis->Str3Label->Caption = workVariantCharLoc.TwoString[0];
     59            FvmenuDis->Str4Label->Caption = workVariantCharLoc.TwoString[1];
     60          
     61            PNTCRR_TEXTSTREAM->StpStringViewer = 1;//stp указател строки
     62          
     63            TxtStreamIteratorEnd(CRR_TEXTSTREAM);//конец страницы
     64          */
     65          }//ViewDiskrMenuList()
     66          
     67          

   Maximum stack usage in bytes:

   .cstack Function
   ------- --------
       0   ViewDiskrMenuList


   Section sizes:

   Bytes  Function/Label
   -----  --------------
       4  ViewDiskrMenuList

 
 4 bytes in section .text
 
 4 bytes of CODE memory

Errors: none
Warnings: none
