###############################################################################
#
# IAR ANSI C/C++ Compiler V7.40.3.8902/W32 for ARM        15/Oct/2015  14:30:58
# Copyright 1999-2015 IAR Systems AB.
#
#    Cpu mode     =  arm
#    Endian       =  little
#    Source file  =  
#        D:\Program Files\IAR Systems\MYWORK\HR1_0100_00_I720_new2\br_var.c
#    Command line =  
#        "D:\Program Files\IAR Systems\MYWORK\HR1_0100_00_I720_new2\br_var.c"
#        -lcN "D:\Program Files\IAR
#        Systems\MYWORK\HR1_0100_00_I720_new2\EWP\Debug xRAM\List\" -o
#        "D:\Program Files\IAR Systems\MYWORK\HR1_0100_00_I720_new2\EWP\Debug
#        xRAM\Obj\" --no_cse --no_unroll --no_inline --no_code_motion --no_tbaa
#        --no_clustering --no_scheduling --debug --endian=little
#        --cpu=ARM926EJ-S -e --fpu=VFP9-S --dlib_config "D:\Program Files\IAR
#        Systems\Embedded Workbench 7.2\arm\INC\c\DLib_Config_Normal.h" -I
#        "D:\Program Files\IAR
#        Systems\MYWORK\HR1_0100_00_I720_new2\EWP\..\NXP\" -I "D:\Program
#        Files\IAR Systems\MYWORK\HR1_0100_00_I720_new2\EWP\..\LIB\include\" -I
#        "D:\Program Files\IAR
#        Systems\MYWORK\HR1_0100_00_I720_new2\EWP\..\inc\" -I "D:\Program
#        Files\IAR Systems\MYWORK\HR1_0100_00_I720_new2\EWP\..\Igor\" -I
#        "D:\Program Files\IAR
#        Systems\MYWORK\HR1_0100_00_I720_new2\EWP\..\mal\" -I "D:\Program
#        Files\IAR Systems\MYWORK\HR1_0100_00_I720_new2\EWP\..\component\" -I
#        "D:\Program Files\IAR
#        Systems\MYWORK\HR1_0100_00_I720_new2\EWP\..\psupervisor\" -I
#        "D:\Program Files\IAR
#        Systems\MYWORK\HR1_0100_00_I720_new2\EWP\..\virtualMenu\" -I
#        "D:\Program Files\IAR
#        Systems\MYWORK\HR1_0100_00_I720_new2\EWP\..\callbackElement\" -I
#        "D:\Program Files\IAR
#        Systems\MYWORK\HR1_0100_00_I720_new2\EWP\..\logictimers\" -I
#        "D:\Program Files\IAR
#        Systems\MYWORK\HR1_0100_00_I720_new2\EWP\..\zonaVRT\" -I "D:\Program
#        Files\IAR Systems\MYWORK\HR1_0100_00_I720_new2\EWP\..\" --interwork
#        --cpu_mode arm -On --use_c++_inline
#    List file    =  
#        D:\Program Files\IAR Systems\MYWORK\HR1_0100_00_I720_new2\EWP\Debug
#        xRAM\List\br_var.lst
#    Object file  =  
#        D:\Program Files\IAR Systems\MYWORK\HR1_0100_00_I720_new2\EWP\Debug
#        xRAM\Obj\br_var.o
#
###############################################################################

D:\Program Files\IAR Systems\MYWORK\HR1_0100_00_I720_new2\br_var.c
      1          /*------------------------------------------------------------------------------
      2          * Created (c) 2014 - Factory “KyivPrylad”
      3          * 
      4          * Permission to use, copy, modify, and distribute this software for any
      5          * purpose with or without fee is hereby granted, provided that the above
      6          * copyright notice and this permission notice appear in all copies.
      7          * 
      8          * THE SOFTWARE IS PROVIDED "AS IS" AND THE AUTHOR DISCLAIMS ALL WARRANTIES
      9          * WITH REGARD TO THIS SOFTWARE INCLUDING ALL IMPLIED WARRANTIES OF
     10          * MERCHANTABILITY AND FITNESS. IN NO EVENT SHALL THE AUTHOR BE LIABLE FOR
     11          * ANY SPECIAL, DIRECT, INDIRECT, OR CONSEQUENTIAL DAMAGES OR ANY DAMAGES
     12          * WHATSOEVER RESULTING FROM LOSS OF USE, DATA OR PROFITS, WHETHER IN AN
     13          * ACTION OF CONTRACT, NEGLIGENCE OR OTHER TORTIOUS ACTION, ARISING OUT OF
     14          * OR IN CONNECTION WITH THE USE OR PERFORMANCE OF THIS SOFTWARE.
     15          * 
     16          *------------------------------------------------------------------------------
     17          *
     18          * Processor       : LPC 3240
     19          * File Name       : br_var.h
     20          * Description     :  Contain variable for exchange with protection
     21                              BR
     22          
     23          *  Version        : 1.00
     24          *
     25          *       +----- (NEW | MODify | ADD | DELete)
     26          *       |
     27          *  No   |   When       Who                What
     28          *-----+---+----------+------------------+--------------------------------------
     29          * 000  NEW  31/10/14   Markovsky A       Creation
     30          *----------------------------------------------------------------------------*/
     31          
     32          #include "ici_r_ef.h"
     33          
     34          CfgTblDsc brCfgTbl;
     35           char chbrCfgTblState = 0;
     36          
     37          //-char chbrCfgTblUsedApcs   = 0;
     38          //-char chbrCfgTblModifyApcs = 0;


   Section sizes:

   Bytes  Function/Label
   -----  --------------
    8992  brCfgTbl
       1  chbrCfgTblState

 
 8 993 bytes in section .bss
 
 8 993 bytes of DATA memory

Errors: none
Warnings: none
