###############################################################################
#
# IAR ANSI C/C++ Compiler V7.40.3.8902/W32 for ARM        15/Oct/2015  17:17:31
# Copyright 1999-2015 IAR Systems AB.
#
#    Cpu mode     =  arm
#    Endian       =  little
#    Source file  =  
#        D:\Program Files\IAR
#        Systems\MYWORK\HR1_0100_00_I720_new2\component\DZ5Component.c
#    Command line =  
#        "D:\Program Files\IAR
#        Systems\MYWORK\HR1_0100_00_I720_new2\component\DZ5Component.c" -lcN
#        "D:\Program Files\IAR Systems\MYWORK\HR1_0100_00_I720_new2\EWP\Debug
#        xRAM\List\" -o "D:\Program Files\IAR
#        Systems\MYWORK\HR1_0100_00_I720_new2\EWP\Debug xRAM\Obj\" --no_cse
#        --no_unroll --no_inline --no_code_motion --no_tbaa --no_clustering
#        --no_scheduling --debug --endian=little --cpu=ARM926EJ-S -e
#        --fpu=VFP9-S --dlib_config "D:\Program Files\IAR Systems\Embedded
#        Workbench 7.2\arm\INC\c\DLib_Config_Normal.h" -I "D:\Program Files\IAR
#        Systems\MYWORK\HR1_0100_00_I720_new2\EWP\..\NXP\" -I "D:\Program
#        Files\IAR Systems\MYWORK\HR1_0100_00_I720_new2\EWP\..\LIB\include\" -I
#        "D:\Program Files\IAR
#        Systems\MYWORK\HR1_0100_00_I720_new2\EWP\..\inc\" -I "D:\Program
#        Files\IAR Systems\MYWORK\HR1_0100_00_I720_new2\EWP\..\Igor\" -I
#        "D:\Program Files\IAR
#        Systems\MYWORK\HR1_0100_00_I720_new2\EWP\..\mal\" -I "D:\Program
#        Files\IAR Systems\MYWORK\HR1_0100_00_I720_new2\EWP\..\component\" -I
#        "D:\Program Files\IAR
#        Systems\MYWORK\HR1_0100_00_I720_new2\EWP\..\psupervisor\" -I
#        "D:\Program Files\IAR
#        Systems\MYWORK\HR1_0100_00_I720_new2\EWP\..\virtualMenu\" -I
#        "D:\Program Files\IAR
#        Systems\MYWORK\HR1_0100_00_I720_new2\EWP\..\callbackElement\" -I
#        "D:\Program Files\IAR
#        Systems\MYWORK\HR1_0100_00_I720_new2\EWP\..\logictimers\" -I
#        "D:\Program Files\IAR
#        Systems\MYWORK\HR1_0100_00_I720_new2\EWP\..\zonaVRT\" -I "D:\Program
#        Files\IAR Systems\MYWORK\HR1_0100_00_I720_new2\EWP\..\" --interwork
#        --cpu_mode arm -On --use_c++_inline
#    List file    =  
#        D:\Program Files\IAR Systems\MYWORK\HR1_0100_00_I720_new2\EWP\Debug
#        xRAM\List\DZ5Component.lst
#    Object file  =  
#        D:\Program Files\IAR Systems\MYWORK\HR1_0100_00_I720_new2\EWP\Debug
#        xRAM\Obj\DZ5Component.o
#
###############################################################################

D:\Program Files\IAR Systems\MYWORK\HR1_0100_00_I720_new2\component\DZ5Component.c
      1          #ifndef _HIDE_COMPONENT
      2          /*
      3          #include <vcl.h>
      4          #include <strstrea.h>
      5          #include <math.h>
      6          #include <mem.h>
      7          #include <fstream.h>
      8          #include <strstrea.h>
      9          #include <iomanip.h>
     10          #pragma hdrstop
     11          
     12          #include "vmenuDis.h"
     13          */
     14          
     15          #include <stdio.h>
     16          #include <string.h>
     17          
     18          #include "bazisdef.h"
     19          #include "component\componentdef.h"
     20          #include "virtualMenu\systemmenudef.h"
     21          #include "virtualMenu\ustmanagerdef.h"
     22          #include "psuperVisor\psvisor_helpdef.h"
     23          
     24          #include "virtualMenu\textstreamfnc.h"
     25          #include "virtualMenu\systemmenufnc.h"
     26          #include "virtualMenu\ustmanagerfnc.h"
     27          #include "psuperVisor\psvisor_helpfnc.h"
     28          #include "virtualMenu\rangmanagerfnc.h"
     29          
     30          #include "virtualMenu\viewMenuList.h"
     31          
     32          #include "..\bazis.h"
     33          
     34          //код компонентов
     35          #define KOD_COMPONENT  DZ_COMP1
     36          //к-во ступеней
     37          #define CNT_STUPEN_DZ  5
     38          
     39          #endif // _HIDE_COMPONENT
     40          
     41          #ifndef _HIDE_COMPONENT
     42          
     43          #define _HIDE_COMPONENT
     44          #include "DZ2Component.c"
     45          
     46          extern COMPONENT_OBJ rpzcomponent_obj;//обект компонента для репозитария
     47          extern int  tmpUSTAVKI[];
     48          
     49          extern LineMenuItem sub_menu_cnf[];
     50          extern LineMenuItem sub_menu_DZ[];
     51          extern LineMenuItem sub_menu_tmp[];
     52          extern int  IndexUstSPV;//индекс уставок в супервизоре
     53          
     54          extern COMPONENT_OBJ  cnfCOMPONENT[];
     55          extern int  spvUSTAVKI[];//текущие уставки супервизора
     56          
     57          void PereinitUstListCompDZ5(short flg);
     58          void UstListCompDZ5();
     59          void ustRedactorCompDZ5();
     60          void UstCompDZ5();
     61          
     62          void PereinitVidListCompDZ5(short flg);
     63          void VidListCompDZ5();
     64          void vidRedactorCompDZ5();
     65          void VidCompDZ5();
     66          
     67          void PereinitUprListCompDZ5(short flg);
     68          void UprListCompDZ5();
     69          void uprRedactorCompDZ5();
     70          void UprCompDZ5();
     71          short  KadrMenuFormat_upr_compDZ5(void *workCntr);
     72          int  initUstDZ5(char init);
     73          void  prepareUstDZ2(short idxC);
     74          void  prepareUstDZ5(short idxC);
     75          short  KadrMenuFormat_ustvidDZ(void *workCntr);
     76          char *selectorUprStrDZ2(short iBit, UNS_32 ustUpr);
     77          
     78          //int ViewerEditUstDZ5();
     79          //int ViewerEditVidDZ5();
     80          void EditUprDZ5();
     81          void EditVidDZ5();
     82          void EditUstDZ5();
     83          int codecUstDZ5(char codec, short offset, int ust);
     84          int codecUstDZ2(char codec, short offset, int ust);
     85          int initUstDZ2(char init);
     86          
     87          char DZ5_TITLE[] = "ДЗ5";
     88          
     89          IONAMESTATUS_COMPONENT ionsDZ5[IOCMD_DZ2to5_TOTAL] =
     90          {
     91            {
     92              1,//статус iocmd1
     93              "Стат блок ДЗ5"
     94            },
     95            {
     96              1,//статус iocmd2
     97              "Блок уск ДЗ5"
     98            },
     99            {
    100              1,//статус iocmd3
    101              "Операт уск ДЗ5"
    102            },
    103            {
    104              1,//статус iocmd4
    105              "Сраб ПО ДЗ5МФ"
    106            },
    107            {
    108              1,//статус iocmd5
    109              "Сраб ДЗ5МФ"
    110            },
    111            {
    112              1,//статус iocmd6
    113              "Сраб ПО МТЗ ДЗ5МФ"
    114            },
    115            {
    116              1,//статус iocmd7
    117              "Сраб МТЗ ДЗ5МФ"
    118            },
    119            {
    120              1,//статус iocmd8
    121              "Сраб ПО ДЗ5ОФ"
    122            },
    123            {
    124              1,//статус iocmd9
    125              "Сраб ДЗ5ОФ"
    126            },
    127            {
    128              1,//статус iocmd10
    129              "Теле уск ДЗ5"
    130            }
    131          };
    132          
    133          LineMenuItem sub_menu_comp_DZ5[8] =
    134          {
    135            { DZ5_TITLE, NULL},//title
    136            { &CONTROL1_COMP, &sub_menu_DZ, typeMenuSub},//control_item, parent
    137            { "Уставки ДЗ5",     (void *)&UstListCompDZ5, typeMenuProg},
    138            { "Выдержки ДЗ5",    (void *)&VidListCompDZ5, typeMenuProg},
    139            { "Управление ДЗ5",  (void *)&UprListCompDZ5, typeMenuProg},
    140            { NULL, NULL}
    141          };
    142          
    143          LineMenuItem sub_menu_ust_compDZ5[] =
    144          {
    145            { "Уставки ДЗ5", NULL},//title
    146            { &CONTROL2_COMP, sub_menu_comp_DZ5, typeMenuList},//control_item, parent
    147            { "Уст ДЗ5",        (void *)&UstCompDZ5, typeMenuProg},
    148            { "Уст ДЗ5 вперед", (void *)&UstCompDZ5, typeMenuProg},
    149            { "Уст ДЗ5 назад",  (void *)&UstCompDZ5, typeMenuProg},
    150            { "Уст ДЗ5 ПМ",     (void *)&UstCompDZ5, typeMenuProg},
    151            { NULL, NULL}
    152          
    153          };
    154          
    155          LineMenuItem sub_menu_vid_compDZ5[] =
    156          {
    157            { "Выдержки ДЗ5", NULL},//title
    158            { &CONTROL2_COMP, sub_menu_comp_DZ5, typeMenuList},//control_item, parent
    159          /*
    160            { "Выдержка ДЗ5МФ",       (void*)&VidCompDZ5, typeMenuProg},
    161            { "Выдержка МТЗ ДЗ5МФ",   (void*)&VidCompDZ5, typeMenuProg},
    162            { "Выдержка ДЗ5ОФ",       (void*)&VidCompDZ5, typeMenuProg},
    163            { "Ввод ускор ДЗ5МФ",     (void*)&VidCompDZ5, typeMenuProg},
    164            { "Ввод ускор МТЗ ДЗ5МФ", (void*)&VidCompDZ5, typeMenuProg},
    165          
    166            { "Ускор ДЗ5МФ ВВ",       (void*)&VidCompDZ5, typeMenuProg},
    167            { "Ускор ДЗ5МФ ОУ",       (void*)&VidCompDZ5, typeMenuProg},
    168            { "Ускор ДЗ5МФ ТУ",       (void*)&VidCompDZ5, typeMenuProg},
    169          
    170            { "Ускор МТЗ ДЗ5МФ ВВ",   (void*)&VidCompDZ5, typeMenuProg},
    171            { "Ускор МТЗ ДЗ5МФ ОУ",   (void*)&VidCompDZ5, typeMenuProg},
    172            { "Ускор МТЗ ДЗ5МФ ТУ",   (void*)&VidCompDZ5, typeMenuProg},
    173          
    174            { "Ускор ДЗ5ОФ ВВ",       (void*)&VidCompDZ5, typeMenuProg},
    175            { "Ускор ДЗ5ОФ ОУ",       (void*)&VidCompDZ5, typeMenuProg},
    176            { "Ускор ДЗ5ОФ ТУ",       (void*)&VidCompDZ5, typeMenuProg},
    177          */
    178            { NULL, NULL}
    179          
    180          };
    181          
    182          LineMenuItem sub_menu_upr_compDZ5[] =
    183          {
    184            { "Управл ДЗ5", NULL},//title
    185            { &CONTROL2_COMP, sub_menu_comp_DZ5, typeMenuList},//control_item, parent
    186            { "Управл ДЗ5",        (void *)&UprCompDZ5, typeMenuProg},
    187            { "Управл МТЗ ДЗ5",    (void *)&UprCompDZ5, typeMenuProg},
    188            { "Ускор ВВ ДЗ5",      (void *)&UprCompDZ5, typeMenuProg},
    189            { "Автомат уск ДЗ5",   (void *)&UprCompDZ5, typeMenuProg},
    190            { "Телеускор ДЗ5",     (void *)&UprCompDZ5, typeMenuProg},
    191            { NULL, NULL}
    192          
    193          };
    194          
    195          void PereinitUstListCompDZ5(short flg)
    196          {
    197          //переиниц
    198            //инит компонентного контроля
    199            TxtStreamInit(&CONTROL2_COMP, &KadrMenuFormat_ustvidDZ, sub_menu_ust_compDZ5);//инит control и формир кадра
    200            if(flg==0)//END
    201            {
    202              TxtStreamSetEnd(&CONTROL2_COMP, SIZE_PAGE_VIEW/2);//перейти на END
    203            }//if
    204          
    205            ViewDiskrMenuList();//вывести окно отображения
    206            ListPStr();//доступ к уставкам
    207          }//PereinitUstListComp3()
    208          
    209          void UstListCompDZ5()
    210          {
    211            SelectorMNGBAZA(0);//установка базу уставок
    212          
    213            SelectorSUBMENU(sub_menu_ust_compDZ5);//уcтановить текущее субменю
    214          
    215            SelectorTEXTCONTROL(&CONTROL2_COMP);//текущий control
    216          
    217            SelectorFHOME(&PereinitUstListCompDZ5);//указатель на ф-цию HOME
    218            InitFHOME(1);//exe ф-цию HOME
    219          
    220            LanderUpDown();//wkl Up Down
    221          }//UstListCompDZ5()
    222          
    223          void UstCompDZ5()
    224          {
    225            SelectorCRRLIGHTLINE();//найти подсвеченную строку текущего текст потока
    226            PrepareEditMenu(sub_menu_ust_compDZ5);
    227            PassWord(EditUstDZ5);
    228          }//VidCompDZ5()
    229          
    230          void EditUstDZ5()
    231          {
    232          //редактировать уставку
    233            SystemEditUst(sub_menu_ust_compDZ5);//[LIGHTLINEMENU +1+SUBDATA].Line1, LIGHTLINEMENU);
    234          }//UstCompDZ5()
    235          
    236          //--------------------------------------------------
    237          
    238          void PereinitVidListCompDZ5(short flg)
    239          {
    240          //переиниц
    241            //инит компонентного контроля
    242            TxtStreamInit(&CONTROL2_COMP, &KadrMenuFormat_ustvidDZ, sub_menu_vid_compDZ5);//инит control и формир кадра
    243            if(flg==0)//END
    244            {
    245              TxtStreamSetEnd(&CONTROL2_COMP, SIZE_PAGE_VIEW/2);//перейти на END
    246            }//if
    247          
    248            ViewDiskrMenuList();//вывести окно отображения
    249            ListPStr();//доступ к уставкам
    250          }//PereinitVidListCompDZ5(short flg)
    251          
    252          void VidListCompDZ5()
    253          {
    254            SelectorMNGBAZA(MNGVID_DZ2to5MF);//установка базы уставок
    255          
    256            SelectorSUBMENU(sub_menu_vid_compDZ5);//утановить текущее субменю
    257          
    258            SelectorTEXTCONTROL(&CONTROL2_COMP);//текущий control
    259          
    260            SelectorFHOME(&PereinitVidListCompDZ5);//указатель на ф-цию HOME
    261            InitFHOME(1);//exe ф-цию HOME
    262          
    263            LanderUpDown();//wkl Up Down
    264          }//VidListCompDZ5()
    265          
    266          void VidCompDZ5()
    267          {
    268            SelectorCRRLIGHTLINE();//найти подсвеченную строку текущего текст потока
    269            PrepareEditMenu(sub_menu_vid_compDZ5);
    270          //  PassWord(EditVidAPV);
    271            EditVidDZ5();
    272          }//VidCompDZ5()
    273          
    274          void EditVidDZ5()
    275          {
    276          //редактировать уставку
    277            SystemEditUst(sub_menu_vid_compDZ5);//[LIGHTLINEMENU +1+SUBDATA].Line1, LIGHTLINEMENU);
    278          }//
    279          
    280          //--------------------------------------------------
    281          
    282          void PereinitUprListCompDZ5(short flg)
    283          {
    284          //переиниц
    285            //инит компонентного контроля
    286            TxtStreamInit(&CONTROL2_COMP, &KadrMenuFormat_upr_compDZ5, NULL);//инит control и формир кадра
    287            if(flg==0)//END
    288            {
    289              TxtStreamSetEnd(&CONTROL2_COMP, SIZE_PAGE_VIEW/2);//перейти на END
    290            }//if
    291          
    292            ViewDiskrMenuList();//вывести окно отображения
    293            ListPStr();//доступ к уставкам
    294          }//PereinitUstListComp2()
    295          
    296          void UprListCompDZ5()
    297          {
    298            LIGHTMNGUBAZA = MNGUPR_DZ2to5;
    299          
    300            CRR_SUBMENU = sub_menu_upr_compDZ5;//текущее субменю
    301          
    302            CRR_TEXTSTREAM = &CONTROL2_COMP;//текущий control
    303            CRR_FHOME = &PereinitUprListCompDZ5;//указатель на ф-цию HOME
    304          
    305            CRR_FHOME(1);//переиниц
    306            LanderUpDown();//wkl Up Down
    307          }//VidListCompDZ5()
    308          
    309          void UprCompDZ5()
    310          {
    311            LIGHTLINEMENU = TxtStreamIdxKadr(CRR_TEXTSTREAM);
    312          //редактировать уставку управления
    313            sub_menu_tmp[SUBDATA].Line2 = &sub_menu_upr_compDZ5;// parent
    314            char *nameUpr = (char *)sub_menu_upr_compDZ5[LIGHTLINEMENU +1+SUBDATA].Line1;
    315          
    316            UpravlRedactor(nameUpr, LIGHTLINEMENU, &selectorUprStrDZ2);//редактировать уставку управления
    317          
    318          }//UprCompDZ5()
    319          
    320          short  KadrMenuFormat_upr_compDZ5(void *pstr)//(WorkControl *workCntr)
    321          {
    322           WorkControl *workCntr = (WorkControl *)pstr;
    323          //формирователь кадра
    324            RESET_COUNTER;//сброс счетчиков
    325            for(int i=0;; i++)
    326            {
    327          //критерий терминатора
    328              char *nameUpr = (char *)sub_menu_upr_compDZ5[i+1+SUBDATA].Line1;
    329              if(nameUpr==NULL) break;
    330          
    331              COMPARE_COUNTER
    332              {
    333                strcpy((char *)workCntr->twoString, nameUpr);
    334          
    335                //отобразить уставку управления в кадре
    336                strcpy((char *)workCntr->twoString + sizeof(WorkVariantChar)/2,
    337                selectorUprStrDZ2(i, getCurrentMngUSTAVKI()));
    338          
    339                return 1;//сравнить счетчики кадров
    340              }//COMPARE_COUNTER
    341            }//for
    342          
    343            return 1;
    344          }//KadrMenuFormat_upr_compDZ5(WorkControl *workCntr)
    345          
    346          int initUstDZ5(char init)
    347          {
    348           return initUstDZ2(init);
    349          }//initUstDZ2to5(short mngUst, char init)
    350          
    351          void  prepareUstDZ5(short idxC)
    352          {
    353            prepareUstDZ2(idxC);
    354          }//prepareUstDZ3(short idxC)
    355          
    356          int codecUstDZ5(char codec, short offset, int ust)
    357          //codec=0-кодировать
    358          //codec=1-раскодировать
    359          {
    360            //кодировать-раскодировать уставку
    361            return codecUstDZ2(codec, offset, ust);
    362          }//codecUstDZ5(char *buf, short offset, int ust)
    363          
    364          void diffDZ5ToRepozitar()
    365          {
    366          //копировать изменения компонента в репозитарий
    367            rpzcomponent_obj.componentEnable = 1;//разрешение компонента
    368            rpzcomponent_obj.kodC   = KOD_COMPONENT;         //код компонента
    369            rpzcomponent_obj.permanent = 0; //перманентный компонент
    370          
    371            strcpy(rpzcomponent_obj.nameComponent,  DZ5_TITLE);       //имя компонента
    372            rpzcomponent_obj.sub_menu_component =  sub_menu_comp_DZ5;//sub_menu_component;
    373          
    374            rpzcomponent_obj.cntClon     = CNT_STUPEN_DZ;   //к-во клонов
    375            rpzcomponent_obj.numClon     = 5;//номер клона
    376            rpzcomponent_obj.workToSignal = 0; //Работа на сигнал
    377          
    378            rpzcomponent_obj.initUstMng     = initUstDZ5;    //инициал уставок
    379            rpzcomponent_obj.prepareUstSpv  = prepareUstDZ5;//подготовка уставок
    380          
    381            rpzcomponent_obj.nameStatusIO = ionsDZ5;          //имена и статус команд IO
    382          
    383            rpzcomponent_obj.codecUst = codecUstDZ5;   //кодировать-раскодировать уставку
    384          }//
    385          
    386          #endif // _HIDE_COMPONENT
    387          

   Maximum stack usage in bytes:

   .cstack Function
   ------- --------
       8   EditUstDZ5
         8   -> SystemEditUst
       8   EditVidDZ5
         8   -> SystemEditUst
      24   KadrMenuFormat_upr_compDZ5
        24   -> getCurrentMngUSTAVKI
        24   -> selectorUprStrDZ2
        24   -> strcpy
       8   PereinitUprListCompDZ5
         8   -> ListPStr
         8   -> TxtStreamInit
         8   -> TxtStreamSetEnd
         8   -> ViewDiskrMenuList
       8   PereinitUstListCompDZ5
         8   -> ListPStr
         8   -> TxtStreamInit
         8   -> TxtStreamSetEnd
         8   -> ViewDiskrMenuList
       8   PereinitVidListCompDZ5
         8   -> ListPStr
         8   -> TxtStreamInit
         8   -> TxtStreamSetEnd
         8   -> ViewDiskrMenuList
       8   UprCompDZ5
         8   -> TxtStreamIdxKadr
         8   -> UpravlRedactor
       8   UprListCompDZ5
         8   -- Indirect call
         8   -> LanderUpDown
       8   UstCompDZ5
         8   -> PassWord
         8   -> PrepareEditMenu
         8   -> SelectorCRRLIGHTLINE
       8   UstListCompDZ5
         8   -> InitFHOME
         8   -> LanderUpDown
         8   -> SelectorFHOME
         8   -> SelectorMNGBAZA
         8   -> SelectorSUBMENU
         8   -> SelectorTEXTCONTROL
       8   VidCompDZ5
         8   -> EditVidDZ5
         8   -> PrepareEditMenu
         8   -> SelectorCRRLIGHTLINE
       8   VidListCompDZ5
         8   -> InitFHOME
         8   -> LanderUpDown
         8   -> SelectorFHOME
         8   -> SelectorMNGBAZA
         8   -> SelectorSUBMENU
         8   -> SelectorTEXTCONTROL
      16   codecUstDZ5
        16   -> codecUstDZ2
       8   diffDZ5ToRepozitar
         8   -> strcpy
       8   initUstDZ5
         8   -> initUstDZ2
       8   prepareUstDZ5
         8   -> prepareUstDZ2


   Section sizes:

   Bytes  Function/Label
   -----  --------------
       4  ??DataTable12
       4  ??DataTable12_1
       4  ??DataTable12_10
       4  ??DataTable12_11
       4  ??DataTable12_12
       4  ??DataTable12_2
       4  ??DataTable12_3
       4  ??DataTable12_4
       4  ??DataTable12_5
       4  ??DataTable12_6
       4  ??DataTable12_7
       4  ??DataTable12_8
       4  ??DataTable12_9
      16  ?_0
      16  ?_1
      12  ?_10
      16  ?_11
      16  ?_12
       8  ?_13
      16  ?_14
      16  ?_15
      12  ?_16
      12  ?_17
      16  ?_18
      16  ?_19
      16  ?_2
      16  ?_20
      16  ?_21
      16  ?_3
      12  ?_4
      20  ?_5
      16  ?_6
      16  ?_7
      12  ?_8
      16  ?_9
       4  DZ5_TITLE
      16  EditUstDZ5
      16  EditVidDZ5
     160  KadrMenuFormat_upr_compDZ5
      68  PereinitUprListCompDZ5
      68  PereinitUstListCompDZ5
      68  PereinitVidListCompDZ5
      84  UprCompDZ5
      76  UprListCompDZ5
      28  UstCompDZ5
      52  UstListCompDZ5
      24  VidCompDZ5
      52  VidListCompDZ5
      48  codecUstDZ5
     152  diffDZ5ToRepozitar
      24  initUstDZ5
      80  ionsDZ5
      28  prepareUstDZ5
      96  sub_menu_comp_DZ5
      96  sub_menu_upr_compDZ5
      84  sub_menu_ust_compDZ5
      36  sub_menu_vid_compDZ5

 
   396 bytes in section .data
   328 bytes in section .rodata
 1 016 bytes in section .text
 
 1 016 bytes of CODE  memory
   328 bytes of CONST memory
   396 bytes of DATA  memory

Errors: none
Warnings: none
