###############################################################################
#
# IAR ANSI C/C++ Compiler V7.40.2.8542/W32 for ARM        20/Oct/2015  12:12:00
# Copyright 1999-2015 IAR Systems AB.
#
#    Cpu mode     =  arm
#    Endian       =  little
#    Source file  =  
#        D:\IAR projects\HR1_0100_00_I720_new2\component\MTZ5Component.c
#    Command line =  
#        "D:\IAR projects\HR1_0100_00_I720_new2\component\MTZ5Component.c" -lcN
#        "D:\IAR projects\HR1_0100_00_I720_new2\EWP\Debug xRAM\List\" -o
#        "D:\IAR projects\HR1_0100_00_I720_new2\EWP\Debug xRAM\Obj\" --no_cse
#        --no_unroll --no_inline --no_code_motion --no_tbaa --no_clustering
#        --no_scheduling --debug --endian=little --cpu=ARM926EJ-S -e
#        --fpu=VFP9-S --dlib_config "C:\Program Files\IAR Systems\Embedded
#        Workbench 7.40\arm\INC\c\DLib_Config_Normal.h" -I "D:\IAR
#        projects\HR1_0100_00_I720_new2\EWP\..\NXP\" -I "D:\IAR
#        projects\HR1_0100_00_I720_new2\EWP\..\LIB\include\" -I "D:\IAR
#        projects\HR1_0100_00_I720_new2\EWP\..\inc\" -I "D:\IAR
#        projects\HR1_0100_00_I720_new2\EWP\..\Igor\" -I "D:\IAR
#        projects\HR1_0100_00_I720_new2\EWP\..\mal\" -I "D:\IAR
#        projects\HR1_0100_00_I720_new2\EWP\..\component\" -I "D:\IAR
#        projects\HR1_0100_00_I720_new2\EWP\..\psupervisor\" -I "D:\IAR
#        projects\HR1_0100_00_I720_new2\EWP\..\virtualMenu\" -I "D:\IAR
#        projects\HR1_0100_00_I720_new2\EWP\..\callbackElement\" -I "D:\IAR
#        projects\HR1_0100_00_I720_new2\EWP\..\logictimers\" -I "D:\IAR
#        projects\HR1_0100_00_I720_new2\EWP\..\zonaVRT\" -I "D:\IAR
#        projects\HR1_0100_00_I720_new2\EWP\..\" --interwork --cpu_mode arm -On
#        --use_c++_inline
#    List file    =  
#        D:\IAR projects\HR1_0100_00_I720_new2\EWP\Debug
#        xRAM\List\MTZ5Component.lst
#    Object file  =  
#        D:\IAR projects\HR1_0100_00_I720_new2\EWP\Debug
#        xRAM\Obj\MTZ5Component.o
#
###############################################################################

D:\IAR projects\HR1_0100_00_I720_new2\component\MTZ5Component.c
      1          #ifndef _HIDE_COMPONENT
      2          /*
      3          #include <vcl.h>
      4          #include <strstrea.h>
      5          #include <math.h>
      6          #include <mem.h>
      7          #include <fstream.h>
      8          #include <strstrea.h>
      9          #include <iomanip.h>
     10          #pragma hdrstop
     11          
     12          #include "vmenuDis.h"
     13          */
     14          
     15          #include <stdio.h>
     16          #include <string.h>
     17          
     18          #include "bazisdef.h"
     19          #include "component\componentdef.h"
     20          #include "virtualMenu\systemmenudef.h"
     21          #include "virtualMenu\ustmanagerdef.h"
     22          #include "psuperVisor\psvisor_helpdef.h"
     23          
     24          #include "virtualMenu\textstreamfnc.h"
     25          #include "virtualMenu\systemmenufnc.h"
     26          #include "virtualMenu\ustmanagerfnc.h"
     27          #include "psuperVisor\psvisor_helpfnc.h"
     28          #include "virtualMenu\rangmanagerfnc.h"
     29          
     30          #include "virtualMenu\viewMenuList.h"
     31          
     32          #include "..\bazis.h"
     33          
     34          //код компонентов
     35          #define KOD_COMPONENT  MTZ_COMP1
     36          //к-во ступеней
     37          #define CNT_STUPEN_MTZ  5
     38          
     39          #endif // _HIDE_COMPONENT
     40          
     41          #ifndef _HIDE_COMPONENT
     42          
     43          #define _HIDE_COMPONENT
     44          #include "MTZ2Component.c"
     45          
     46          extern COMPONENT_OBJ rpzcomponent_obj;//обект компонента для репозитария
     47          extern int  tmpUSTAVKI[];
     48          
     49          extern LineMenuItem sub_menu_cnf[];
     50          extern LineMenuItem sub_menu_MTZ[];
     51          extern LineMenuItem sub_menu_tmp[];
     52          extern int  IndexUstSPV;//индекс уставок в супервизоре
     53          
     54          extern COMPONENT_OBJ  cnfCOMPONENT[];
     55          extern int  spvUSTAVKI[];//текущие уставки супервизора
     56          
     57          void PereinitUstListCompMTZ5(short flg);
     58          void UstListCompMTZ5();
     59          void ustRedactorCompMTZ5();
     60          void UstCompMTZ5();
     61          short  KadrMenuFormat_ust_compMTZ5(void *workCntr);
     62          
     63          void PereinitVidListCompMTZ5(short flg);
     64          void VidListCompMTZ5();
     65          void vidRedactorCompMTZ5();
     66          void VidCompMTZ5();
     67          short  KadrMenuFormat_vid_compMTZ5(void *workCntr);
     68          
     69          void PereinitUprListCompMTZ5(short flg);
     70          void UprListCompMTZ5();
     71          void uprRedactorCompMTZ5();
     72          void UprCompMTZ5();
     73          short  KadrMenuFormat_upr_compMTZ5(void *workCntr);
     74          int  initUstMTZ5(char init);
     75          void  prepareUstMTZ2(short idxC);
     76          void  prepareUstMTZ5(short idxC);
     77          
     78          //int ViewerEditUstMTZ5();
     79          //int ViewerEditVidMTZ5();
     80          void EditUstMTZ5();
     81          void EditVidMTZ5();
     82          void EditUprMTZ5();
     83          int codecUstMTZ5(char codec, short offset, int ust);
     84          int codecUstMTZ2(char codec, short offset, int ust);
     85          int initUstMTZ2(char init);
     86          
     87          char *selectorUprStrMTZ2(short iBit, UNS_32 ustUpr);
     88          void UpravlChooserMTZInKadr(char *nameUpr, short ibit, void *workCntr);
     89          void UpravlRedactorChooseMTZ(char *nameUpr, short ibit);
     90          short  KadrMenuFormat_ustvidMTZ(void *workCntr);
     91          
     92          char MTZ5_TITLE[] = "МТЗ5";
     93          
     94          IONAMESTATUS_COMPONENT ionsMTZ5[IOCMD_MTZ2to5_TOTAL] =
     95          {
     96            {
     97              1,//статус iocmd1
     98              "Стат блок МТЗ5"
     99            },
    100            {
    101              1,//статус iocmd2
    102              "Блок уск МТЗ5"
    103            },
    104            {
    105              1,//статус iocmd3
    106              "Операт уск МТЗ5"
    107            },
    108            {
    109              1,//статус iocmd4
    110              "Сраб ПО МТЗ5"
    111            },
    112            {
    113              1,//статус iocmd5
    114              "Сраб ПО МТЗ5 ВПД"
    115            },
    116            {
    117              1,//статус iocmd6
    118              "Сраб ПО МТЗ5 НЗД"
    119            },
    120            {
    121              1,//статус iocmd7
    122              "Сраб ПО МТЗ5 ПН"
    123            },
    124            {
    125              1,//статус iocmd8
    126              "Сраб МТЗ5"
    127            },
    128            {
    129              1,//статус iocmd9
    130              "Теле уск МТЗ5"
    131            },
    132            {
    133              1,//статус iocmd10
    134              "Сектор МТЗ5 ВПД"
    135            },
    136            {
    137              1,//статус iocmd11
    138              "Сектор МТЗ5 НЗД"
    139            }
    140          };
    141          
    142          LineMenuItem sub_menu_comp_MTZ5[8] =
    143          {
    144            { MTZ5_TITLE, NULL},//title
    145            { &CONTROL1_COMP, &sub_menu_MTZ, typeMenuSub},//control_item, parent
    146            { "Уставки МТЗ5",    (void *)&UstListCompMTZ5, typeMenuProg},
    147            { "Выдержки МТЗ5",   (void *)&VidListCompMTZ5, typeMenuProg},
    148            { "Управление МТЗ5", (void *)&UprListCompMTZ5, typeMenuProg},
    149            { NULL, NULL}
    150          };
    151          
    152          LineMenuItem sub_menu_ust_compMTZ5[] =
    153          {
    154            { "Уставки МТЗ5", NULL},//title
    155            { &CONTROL2_COMP, sub_menu_comp_MTZ5, typeMenuList},//control_item, parent
    156            { "Уст МТЗ5",         (void*)&UstCompMTZ5, typeMenuProg},
    157            { "Уст МТЗ5 вперед",  (void*)&UstCompMTZ5, typeMenuProg},
    158            { "Уст МТЗ5 назад",   (void*)&UstCompMTZ5, typeMenuProg},
    159            { "Уст МТЗ5 ПМ",      (void*)&UstCompMTZ5, typeMenuProg},
    160            { "Уст напр МТЗ5 ПH", (void*)&UstCompMTZ5, typeMenuProg},
    161            { NULL, NULL}
    162          
    163          };
    164          
    165          LineMenuItem sub_menu_vid_compMTZ5[] =
    166          {
    167            { "Выдержки МТЗ5", NULL},//title
    168            { &CONTROL2_COMP, sub_menu_comp_MTZ5, typeMenuList},//control_item, parent
    169          /*
    170            { "Выдержка МТЗ5",         (void*)&VidCompMTZ5, typeMenuProg},
    171            { "Выдержка МТЗ5 вперед",  (void*)&VidCompMTZ5, typeMenuProg},
    172            { "Выдержка МТЗ5 назад",   (void*)&VidCompMTZ5, typeMenuProg},
    173            { "Выдержка МТЗ5 ПМ",      (void*)&VidCompMTZ5, typeMenuProg},
    174            { "Ввод ускор МТЗ5",       (void*)&VidCompMTZ5, typeMenuProg},
    175          
    176            { "Ускор МТЗ5 ВВ",         (void*)&VidCompMTZ5, typeMenuProg},
    177            { "Ускор МТЗ5 ОУ",         (void*)&VidCompMTZ5, typeMenuProg},
    178            { "Ускор МТЗ5 ТУ",         (void*)&VidCompMTZ5, typeMenuProg},
    179          
    180            { "Ускор МТЗ5 ВВ ВПД",     (void*)&VidCompMTZ5, typeMenuProg},
    181            { "Ускор МТЗ5 ОУ ВПД",     (void*)&VidCompMTZ5, typeMenuProg},
    182            { "Ускор МТЗ5 ТУ ВПД",     (void*)&VidCompMTZ5, typeMenuProg},
    183          
    184            { "Ускор МТЗ5 ВВ НЗД",     (void*)&VidCompMTZ5, typeMenuProg},
    185            { "Ускор МТЗ5 ОУ НЗД",     (void*)&VidCompMTZ5, typeMenuProg},
    186            { "Ускор МТЗ5 ТУ НЗД",     (void*)&VidCompMTZ5, typeMenuProg},
    187          
    188            { "Ускор МТЗ5 ВВ ПН",      (void*)&VidCompMTZ5, typeMenuProg},
    189            { "Ускор МТЗ5 ОУ ПН",      (void*)&VidCompMTZ5, typeMenuProg},
    190            { "Ускор МТЗ5 ТУ НП",      (void*)&VidCompMTZ5, typeMenuProg},
    191          */
    192            { NULL, NULL}
    193          
    194          };
    195          
    196          LineMenuItem sub_menu_upr_compMTZ5[] =
    197          {
    198            { "Управл МТЗ5", NULL},//title
    199            { &CONTROL2_COMP, sub_menu_comp_MTZ5, typeMenuList},//control_item, parent
    200            { "Вид МТЗ5",           (void*)&UprCompMTZ5, typeMenuProg},
    201            { "Управл МТЗ5",        (void*)&UprCompMTZ5, typeMenuProg},
    202            { "МТЗ5 вперед",        (void*)&UprCompMTZ5, typeMenuProg},
    203            { "МТЗ5 назад",         (void*)&UprCompMTZ5, typeMenuProg},
    204            { "Ускорение МТЗ5",     (void*)&UprCompMTZ5, typeMenuProg},
    205            { "МТЗ5 ускоренная",    (void*)&UprCompMTZ5, typeMenuProg},
    206            { "Автомат уск МТЗ5",   (void*)&UprCompMTZ5, typeMenuProg},
    207            { "Телеускор МТЗ5",     (void*)&UprCompMTZ5, typeMenuProg},
    208            { NULL, NULL}
    209          
    210          };
    211          
    212          void PereinitUstListCompMTZ5(short flg)
    213          {
    214          //переиниц
    215            //инит компонентного контроля
    216            TxtStreamInit(&CONTROL2_COMP, &KadrMenuFormat_ustvidMTZ, sub_menu_ust_compMTZ5);//инит control и формир кадра
    217            if(flg==0)//END
    218            {
    219              TxtStreamSetEnd(&CONTROL2_COMP, SIZE_PAGE_VIEW/2);//перейти на END
    220            }//if
    221          
    222            ViewDiskrMenuList();//вывести окно отображения
    223            ListPStr();//доступ к уставкам
    224          }//PereinitUstListComp3()
    225          
    226          void UstListCompMTZ5()
    227          {
    228            SelectorMNGBAZA(0);//установка базу уставок
    229          
    230            SelectorSUBMENU(sub_menu_ust_compMTZ5);//уcтановить текущее субменю
    231          
    232            SelectorTEXTCONTROL(&CONTROL2_COMP);//текущий control
    233          
    234            SelectorFHOME(&PereinitUstListCompMTZ5);//указатель на ф-цию HOME
    235            InitFHOME(1);//exe ф-цию HOME
    236          
    237            LanderUpDown();//wkl Up Down
    238          }//UstListCompMTZ5()
    239          
    240          void UstCompMTZ5()
    241          {
    242            SelectorCRRLIGHTLINE();//найти подсвеченную строку текущего текст потока
    243            PrepareEditMenu(sub_menu_ust_compMTZ5);
    244            PassWord(EditUstMTZ5);
    245          }//VidCompMTZ5()
    246          
    247          void EditUstMTZ5()
    248          {
    249          //редактировать уставку
    250            SystemEditUst(sub_menu_ust_compMTZ5);//[LIGHTLINEMENU +1+SUBDATA].Line1, LIGHTLINEMENU);
    251          }//UstCompMTZ5()
    252          
    253          //--------------------------------------------------
    254          
    255          void PereinitVidListCompMTZ5(short flg)
    256          {
    257          //переиниц
    258            //инит компонентного контроля
    259            TxtStreamInit(&CONTROL2_COMP, &KadrMenuFormat_ustvidMTZ, sub_menu_vid_compMTZ5);//инит control и формир кадра
    260            if(flg==0)//END
    261            {
    262              TxtStreamSetEnd(&CONTROL2_COMP, SIZE_PAGE_VIEW);//перейти на END
    263            }//if
    264          
    265            ViewDiskrMenuList();//вывести окно отображения
    266            ListPStr();//доступ к уставкам
    267          }//PereinitVidListCompMTZ5(short flg)
    268          
    269          void VidListCompMTZ5()
    270          {
    271            SelectorMNGBAZA(MNGVID_MTZ2to5);//установка базы уставок
    272          
    273            SelectorSUBMENU(sub_menu_vid_compMTZ5);//утановить текущее субменю
    274          
    275            SelectorTEXTCONTROL(&CONTROL2_COMP);//текущий control
    276          
    277            SelectorFHOME(&PereinitVidListCompMTZ5);//указатель на ф-цию HOME
    278            InitFHOME(1);//exe ф-цию HOME
    279          
    280            LanderUpDown();//wkl Up Down
    281          }//VidListCompMTZ5()
    282          
    283          void VidCompMTZ5()
    284          {
    285            SelectorCRRLIGHTLINE();//найти подсвеченную строку текущего текст потока
    286            PrepareEditMenu(sub_menu_vid_compMTZ5);
    287          //  PassWord(EditVidAPV);
    288            EditVidMTZ5();
    289          }//VidCompMTZ5()
    290          
    291          void EditVidMTZ5()
    292          {
    293          //редактировать уставку
    294            SystemEditUst(sub_menu_vid_compMTZ5);//[LIGHTLINEMENU +1+SUBDATA].Line1, LIGHTLINEMENU);
    295          }//
    296          
    297          //--------------------------------------------------
    298          
    299          void PereinitUprListCompMTZ5(short flg)
    300          {
    301          //переиниц
    302            //инит компонентного контроля
    303            TxtStreamInit(&CONTROL2_COMP, &KadrMenuFormat_upr_compMTZ5, NULL);//инит control и формир кадра
    304            if(flg==0)//END
    305            {
    306              TxtStreamSetEnd(&CONTROL2_COMP, SIZE_PAGE_VIEW);//перейти на END
    307            }//if
    308          
    309            ViewDiskrMenuList();//вывести окно отображения
    310            ListPStr();//доступ к уставкам
    311          }//PereinitUstListComp2()
    312          
    313          void UprListCompMTZ5()
    314          {
    315            SelectorMNGBAZA(MNGUPR_MTZ2to5);//установка базы уставок
    316          
    317            SelectorSUBMENU(sub_menu_upr_compMTZ5);//утановить текущее субменю
    318          
    319            SelectorTEXTCONTROL(&CONTROL2_COMP);//текущий control
    320          
    321            SelectorFHOME(&PereinitUprListCompMTZ5);//указатель на ф-цию HOME
    322            InitFHOME(1);//exe ф-цию HOME
    323          
    324            LanderUpDown();//wkl Up Down
    325          }//VidListCompMTZ5()
    326          
    327          void UprCompMTZ5()
    328          {
    329            SelectorCRRLIGHTLINE();//найти подсвеченную строку текущего текст потока
    330            PrepareEditMenu(sub_menu_upr_compMTZ5);
    331            PassWord(EditUprMTZ5);
    332          }//VidCompMTZ5()
    333          
    334          void EditUprMTZ5()
    335          {
    336          //редактировать уставку упр
    337            char *nameUpr = (char *)sub_menu_upr_compMTZ5[LIGHTLINEMENU +1+SUBDATA].Line1;
    338          
    339            switch(LIGHTLINEMENU)
    340            {
    341              case 0: UpravlRedactorChooseMTZ(nameUpr, LIGHTLINEMENU);//редактировать уставку управления
    342              break;
    343              default:UpravlRedactor(nameUpr, LIGHTLINEMENU+1, &selectorUprStrMTZ2);//редактировать уставку управления
    344            }//switch
    345          
    346          }//EditVidMTZ5()
    347          
    348          short  KadrMenuFormat_upr_compMTZ5(void *pstr)
    349          {
    350           WorkControl *workCntr = (WorkControl *)pstr;
    351          //формирователь кадра
    352            short chooseBit = 2;//к-во бит в choose
    353            RESET_COUNTER;//сброс счетчиков
    354            for(int i=0;; i++)
    355            {
    356          //критерий терминатора
    357              char *nameUpr = (char *)sub_menu_upr_compMTZ5[i+1+SUBDATA].Line1;
    358              if(nameUpr==NULL) break;
    359          
    360              COMPARE_COUNTER
    361              {
    362                strcpy((char *)workCntr->twoString, nameUpr);
    363          
    364                if(i<(chooseBit-1))
    365                  UpravlChooserMTZInKadr(nameUpr, i, workCntr);
    366                else
    367                  //      UpravlViewerInKadr(nameUpr, i+(chooseBit-1), workCntr);//отобразить уставку управления в кадре
    368                  strcpy((char *)workCntr->twoString + sizeof(WorkVariantChar)/2,
    369                  selectorUprStrMTZ2(i+(chooseBit-1), getCurrentMngUSTAVKI()));
    370          
    371                return 1;//сравнить счетчики кадров
    372              }
    373            }//for
    374          
    375            return 1;
    376          }//KadrMenuFormat_upr_compMTZ5(WorkControl *workCntr)
    377          
    378          int initUstMTZ5(char init)
    379          {
    380           return initUstMTZ2(init);
    381          /*
    382            //инициал уставок
    383            if (init)
    384            {
    385          //уставка сработки
    386              tmpUSTAVKI[MNGUST_MTZ2to5]     = 331;
    387              tmpUSTAVKI[MNGUST_MTZ2to5_V]   = 332;
    388              tmpUSTAVKI[MNGUST_MTZ2to5_N]   = 333;
    389              tmpUSTAVKI[MNGUST_MTZ2to5_PN]  = 334;
    390              tmpUSTAVKI[MNGUST_MTZ2to5_UPN] = 335;
    391          //уставка выдержки
    392              tmpUSTAVKI[MNGVID_MTZ2to5]    = 251;
    393              tmpUSTAVKI[MNGVID_MTZ2to5_V]  = 262;
    394              tmpUSTAVKI[MNGVID_MTZ2to5_N]  = 273;
    395              tmpUSTAVKI[MNGVID_MTZ2to5_PN] = 284;
    396          //ускорение
    397              tmpUSTAVKI[MNGUSK_MTZ2to5]    = 295;
    398              tmpUSTAVKI[MNGUSK_MTZ2to5_V]  = 306;
    399              tmpUSTAVKI[MNGUSK_MTZ2to5_N]  = 317;
    400              tmpUSTAVKI[MNGUSK_MTZ2to5_PN] = 328;
    401              tmpUSTAVKI[MNGVUSK_MTZ2to5]   = 339;
    402          //уставка управления
    403              tmpUSTAVKI[MNGUPR_MTZ2to5] = 0;
    404          
    405            }//if
    406          
    407            IndexUstSPV += SPVUST_MTZ2to5_TOTAL;//индекс уставок в супервизоре
    408            return MNGUST_MTZ2to5_TOTAL;//к-во уставок в менеджере уставок
    409          */
    410          }//initUstMTZ1(short mngUst, char init)
    411          
    412          void  prepareUstMTZ5(short idxC)
    413          {
    414             prepareUstMTZ2(idxC);
    415          }//prepareUstMTZ5(short idxC)
    416          
    417          int codecUstMTZ5(char codec, short offset, int ust)
    418          //codec=0-кодировать
    419          //codec=1-раскодировать
    420          {
    421            //кодировать-раскодировать уставку
    422            return codecUstMTZ2(codec, offset, ust);
    423          }//codecUstMTZ5(char *buf, short offset, int ust)
    424          
    425          void diffMTZ5ToRepozitar()
    426          {
    427          //копировать изменения компонента в репозитарий
    428            rpzcomponent_obj.componentEnable = 1;//разрешение компонента
    429            rpzcomponent_obj.kodC   = KOD_COMPONENT;         //код компонента
    430            rpzcomponent_obj.permanent = 0; //перманентный компонент
    431          
    432            strcpy(rpzcomponent_obj.nameComponent,  MTZ5_TITLE);       //имя компонента
    433            rpzcomponent_obj.sub_menu_component =  sub_menu_comp_MTZ5;//sub_menu_component;
    434          
    435            rpzcomponent_obj.cntClon     = CNT_STUPEN_MTZ;   //к-во клонов
    436            rpzcomponent_obj.numClon     = 5;//номер клона
    437            rpzcomponent_obj.workToSignal = 0; //Работа на сигнал
    438          
    439            rpzcomponent_obj.initUstMng     = initUstMTZ5;    //инициал уставок
    440            rpzcomponent_obj.prepareUstSpv  = prepareUstMTZ5;//подготовка уставок
    441          
    442            rpzcomponent_obj.nameStatusIO = ionsMTZ5;          //имена и статус команд IO
    443          
    444            rpzcomponent_obj.codecUst = codecUstMTZ5;   //кодировать-раскодировать уставку
    445          
    446          }//diffMTZ5ToRepozitar()
    447          
    448          #endif // _HIDE_COMPONENT
    449          

   Maximum stack usage in bytes:

   .cstack Function
   ------- --------
       8   EditUprMTZ5
         8   -> UpravlRedactor
         8   -> UpravlRedactorChooseMTZ
       8   EditUstMTZ5
         8   -> SystemEditUst
       8   EditVidMTZ5
         8   -> SystemEditUst
      24   KadrMenuFormat_upr_compMTZ5
        24   -> UpravlChooserMTZInKadr
        24   -> getCurrentMngUSTAVKI
        24   -> selectorUprStrMTZ2
        24   -> strcpy
       8   PereinitUprListCompMTZ5
         8   -> ListPStr
         8   -> TxtStreamInit
         8   -> TxtStreamSetEnd
         8   -> ViewDiskrMenuList
       8   PereinitUstListCompMTZ5
         8   -> ListPStr
         8   -> TxtStreamInit
         8   -> TxtStreamSetEnd
         8   -> ViewDiskrMenuList
       8   PereinitVidListCompMTZ5
         8   -> ListPStr
         8   -> TxtStreamInit
         8   -> TxtStreamSetEnd
         8   -> ViewDiskrMenuList
       8   UprCompMTZ5
         8   -> PassWord
         8   -> PrepareEditMenu
         8   -> SelectorCRRLIGHTLINE
       8   UprListCompMTZ5
         8   -> InitFHOME
         8   -> LanderUpDown
         8   -> SelectorFHOME
         8   -> SelectorMNGBAZA
         8   -> SelectorSUBMENU
         8   -> SelectorTEXTCONTROL
       8   UstCompMTZ5
         8   -> PassWord
         8   -> PrepareEditMenu
         8   -> SelectorCRRLIGHTLINE
       8   UstListCompMTZ5
         8   -> InitFHOME
         8   -> LanderUpDown
         8   -> SelectorFHOME
         8   -> SelectorMNGBAZA
         8   -> SelectorSUBMENU
         8   -> SelectorTEXTCONTROL
       8   VidCompMTZ5
         8   -> EditVidMTZ5
         8   -> PrepareEditMenu
         8   -> SelectorCRRLIGHTLINE
       8   VidListCompMTZ5
         8   -> InitFHOME
         8   -> LanderUpDown
         8   -> SelectorFHOME
         8   -> SelectorMNGBAZA
         8   -> SelectorSUBMENU
         8   -> SelectorTEXTCONTROL
      16   codecUstMTZ5
        16   -> codecUstMTZ2
       8   diffMTZ5ToRepozitar
         8   -> strcpy
       8   initUstMTZ5
         8   -> initUstMTZ2
       8   prepareUstMTZ5
         8   -> prepareUstMTZ2


   Section sizes:

   Bytes  Function/Label
   -----  --------------
       4  ??DataTable13
       4  ??DataTable13_1
       4  ??DataTable13_10
       4  ??DataTable13_11
       4  ??DataTable13_2
       4  ??DataTable13_3
       4  ??DataTable13_4
       4  ??DataTable13_5
       4  ??DataTable13_6
       4  ??DataTable13_7
       4  ??DataTable13_8
       4  ??DataTable13_9
      16  ?_0
      16  ?_1
      16  ?_10
      16  ?_11
      16  ?_12
      16  ?_13
      12  ?_14
      16  ?_15
      16  ?_16
      12  ?_17
      20  ?_18
      12  ?_19
      16  ?_2
      12  ?_20
      12  ?_21
      12  ?_22
      16  ?_23
      16  ?_24
      20  ?_25
      16  ?_26
      16  ?_3
      20  ?_4
      20  ?_5
      16  ?_6
      12  ?_7
      16  ?_8
      16  ?_9
     100  EditUprMTZ5
      16  EditUstMTZ5
      16  EditVidMTZ5
     220  KadrMenuFormat_upr_compMTZ5
       8  MTZ5_TITLE
      68  PereinitUprListCompMTZ5
      68  PereinitUstListCompMTZ5
      68  PereinitVidListCompMTZ5
      28  UprCompMTZ5
      52  UprListCompMTZ5
      28  UstCompMTZ5
      52  UstListCompMTZ5
      24  VidCompMTZ5
      52  VidListCompMTZ5
      48  codecUstMTZ5
     152  diffMTZ5ToRepozitar
      24  initUstMTZ5
      88  ionsMTZ5
      28  prepareUstMTZ5
      96  sub_menu_comp_MTZ5
     132  sub_menu_upr_compMTZ5
      96  sub_menu_ust_compMTZ5
      36  sub_menu_vid_compMTZ5

 
   456 bytes in section .data
   420 bytes in section .rodata
 1 092 bytes in section .text
 
 1 092 bytes of CODE  memory
   420 bytes of CONST memory
   456 bytes of DATA  memory

Errors: none
Warnings: none
