###############################################################################
#
# IAR ANSI C/C++ Compiler V7.40.2.8542/W32 for ARM        20/Oct/2015  12:12:03
# Copyright 1999-2015 IAR Systems AB.
#
#    Cpu mode     =  arm
#    Endian       =  little
#    Source file  =  
#        D:\IAR projects\HR1_0100_00_I720_new2\SettingIci\SettingIci_RangirOF.c
#    Command line =  
#        "D:\IAR
#        projects\HR1_0100_00_I720_new2\SettingIci\SettingIci_RangirOF.c" -lcN
#        "D:\IAR projects\HR1_0100_00_I720_new2\EWP\Debug xRAM\List\" -o
#        "D:\IAR projects\HR1_0100_00_I720_new2\EWP\Debug xRAM\Obj\" --no_cse
#        --no_unroll --no_inline --no_code_motion --no_tbaa --no_clustering
#        --no_scheduling --debug --endian=little --cpu=ARM926EJ-S -e
#        --fpu=VFP9-S --dlib_config "C:\Program Files\IAR Systems\Embedded
#        Workbench 7.40\arm\INC\c\DLib_Config_Normal.h" -I "D:\IAR
#        projects\HR1_0100_00_I720_new2\EWP\..\NXP\" -I "D:\IAR
#        projects\HR1_0100_00_I720_new2\EWP\..\LIB\include\" -I "D:\IAR
#        projects\HR1_0100_00_I720_new2\EWP\..\inc\" -I "D:\IAR
#        projects\HR1_0100_00_I720_new2\EWP\..\Igor\" -I "D:\IAR
#        projects\HR1_0100_00_I720_new2\EWP\..\mal\" -I "D:\IAR
#        projects\HR1_0100_00_I720_new2\EWP\..\component\" -I "D:\IAR
#        projects\HR1_0100_00_I720_new2\EWP\..\psupervisor\" -I "D:\IAR
#        projects\HR1_0100_00_I720_new2\EWP\..\virtualMenu\" -I "D:\IAR
#        projects\HR1_0100_00_I720_new2\EWP\..\callbackElement\" -I "D:\IAR
#        projects\HR1_0100_00_I720_new2\EWP\..\logictimers\" -I "D:\IAR
#        projects\HR1_0100_00_I720_new2\EWP\..\zonaVRT\" -I "D:\IAR
#        projects\HR1_0100_00_I720_new2\EWP\..\" --interwork --cpu_mode arm -On
#        --use_c++_inline
#    List file    =  
#        D:\IAR projects\HR1_0100_00_I720_new2\EWP\Debug
#        xRAM\List\SettingIci_RangirOF.lst
#    Object file  =  
#        D:\IAR projects\HR1_0100_00_I720_new2\EWP\Debug
#        xRAM\Obj\SettingIci_RangirOF.o
#
###############################################################################

D:\IAR projects\HR1_0100_00_I720_new2\SettingIci\SettingIci_RangirOF.c
      1          #include "lpc_types.h"
      2          #include "lpc_irq_fiq.h"
      3          #include "lpc_arm922t_cp15_driver.h"
      4          
      5          #include "lpc32xx_hstimer.h"
      6          #include "lpc32xx_ssp.h"
      7          #include "lpc32xx_gpio.h"
      8          
      9          #include "lpc32xx_intc_driver.h"
     10          #include "lpc32xx_clkpwr_driver.h"
     11          
     12          #include "arm926ej_cp15_drv.h"
     13          #include "ttbl.h"
     14          
     15          #include <stdio.h>
     16          #include <string.h>
     17          
     18          #include "psuperVisor\supermanager.h"
     19          
     20          #include "component\componentdef.h"
     21          #include "psuperVisor\psvisor_helpdef.h"
     22          
     23          #include "psuperVisor\psvisor_helpfnc.h"
     24          #include "virtualMenu\rangmanagerfnc.h"
     25          #include "virtualmenu\systemmenufnc.h"
     26          #include "SettingIci\SettingIci.h"
     27          
     28          #include "toSpeedOptim.h"
     29          #include "toSpeedDIS.h"
     30          
     31          #include "header.h"
     32          #include "ici_r_ef.h"
     33          
     34          #define _HIDE_COMPONENT
     35          #include "OFComponent.c"
     36          
     37          void SettingIci_RangirOFToDV(int nDV)
     38          {
     39          //отранж UROV на ДВ
     40          int numDV = nDV - DV1_SM;//нормировка
     41          // Вх Оф 01  
     42           if(isActivCmdDV(EDF01_DI_IEPRF_ONB, numDV))//проверка активности команды на ДВ
     43                SetCmdToUVV(OF_COMP1,  1, IOCMD_IN_OF1, nDV);//отранж 
     44           if(isActivCmdDV(EDF02_DI_IEPRF_ONB, numDV))//проверка активности команды на ДВ
     45                SetCmdToUVV(OF_COMP1,  1, IOCMD_IN_OF2, nDV);//отранж 
     46           if(isActivCmdDV(EDF03_DI_IEPRF_ONB, numDV))//проверка активности команды на ДВ
     47                SetCmdToUVV(OF_COMP1,  1, IOCMD_IN_OF3, nDV);//отранж 
     48           if(isActivCmdDV(EDF04_DI_IEPRF_ONB, numDV))//проверка активности команды на ДВ
     49                SetCmdToUVV(OF_COMP1,  1, IOCMD_IN_OF4, nDV);//отранж 
     50           if(isActivCmdDV(EDF05_DI_IEPRF_ONB, numDV))//проверка активности команды на ДВ
     51                SetCmdToUVV(OF_COMP1,  1, IOCMD_IN_OF5, nDV);//отранж 
     52           if(isActivCmdDV(EDF06_DI_IEPRF_ONB, numDV))//проверка активности команды на ДВ
     53                SetCmdToUVV(OF_COMP1,  1, IOCMD_IN_OF6, nDV);//отранж 
     54           if(isActivCmdDV(EDF07_DI_IEPRF_ONB, numDV))//проверка активности команды на ДВ
     55                SetCmdToUVV(OF_COMP1,  1, IOCMD_IN_OF7, nDV);//отранж 
     56           if(isActivCmdDV(EDF08_DI_IEPRF_ONB, numDV))//проверка активности команды на ДВ
     57                SetCmdToUVV(OF_COMP1,  1, IOCMD_IN_OF8, nDV);//отранж 
     58           if(isActivCmdDV(EDF09_DI_IEPRF_ONB, numDV))//проверка активности команды на ДВ
     59                SetCmdToUVV(OF_COMP1,  1, IOCMD_IN_OF9, nDV);//отранж 
     60           if(isActivCmdDV(EDF10_DI_IEPRF_ONB, numDV))//проверка активности команды на ДВ
     61                SetCmdToUVV(OF_COMP1,  1, IOCMD_IN_OF10, nDV);//отранж 
     62           if(isActivCmdDV(EDF11_DI_IEPRF_ONB, numDV))//проверка активности команды на ДВ
     63                SetCmdToUVV(OF_COMP1,  1, IOCMD_IN_OF11, nDV);//отранж 
     64           if(isActivCmdDV(EDF12_DI_IEPRF_ONB, numDV))//проверка активности команды на ДВ
     65                SetCmdToUVV(OF_COMP1,  1, IOCMD_IN_OF12, nDV);//отранж 
     66           if(isActivCmdDV(EDF13_DI_IEPRF_ONB, numDV))//проверка активности команды на ДВ
     67                SetCmdToUVV(OF_COMP1,  1, IOCMD_IN_OF13, nDV);//отранж 
     68           if(isActivCmdDV(EDF14_DI_IEPRF_ONB, numDV))//проверка активности команды на ДВ
     69                SetCmdToUVV(OF_COMP1,  1, IOCMD_IN_OF14, nDV);//отранж 
     70           if(isActivCmdDV(EDF15_DI_IEPRF_ONB, numDV))//проверка активности команды на ДВ
     71                SetCmdToUVV(OF_COMP1,  1, IOCMD_IN_OF15, nDV);//отранж 
     72           if(isActivCmdDV(EDF16_DI_IEPRF_ONB, numDV))//проверка активности команды на ДВ
     73                SetCmdToUVV(OF_COMP1,  1, IOCMD_IN_OF16, nDV);//отранж 
     74          
     75          }// SettingIci_RangirUROVToDV(int nDV)
     76          
     77          void SettingIci_RangirOFToRele(int nRele)
     78          {
     79          //отранж UROV на Реле
     80          int numRele = nRele - RELE1_SM;//нормировка
     81          //Выход Оф_01  
     82           if(isActivCmdRele(EDF01_OEPRF_ONB, numRele))//проверка активности команды на Реле
     83               SetCmdToUVV(OF_COMP1,  1, IOCMD_OUT_OF1, nRele);//отранж 
     84           if(isActivCmdRele(EDF02_OEPRF_ONB, numRele))//проверка активности команды на Реле
     85               SetCmdToUVV(OF_COMP1,  1, IOCMD_OUT_OF2, nRele);//отранж 
     86           if(isActivCmdRele(EDF03_OEPRF_ONB, numRele))//проверка активности команды на Реле
     87               SetCmdToUVV(OF_COMP1,  1, IOCMD_OUT_OF3, nRele);//отранж 
     88          
     89           if(isActivCmdRele(EDF04_OEPRF_ONB, numRele))//проверка активности команды на Реле
     90               SetCmdToUVV(OF_COMP1,  1, IOCMD_OUT_OF4, nRele);//отранж 
     91           if(isActivCmdRele(EDF05_OEPRF_ONB, numRele))//проверка активности команды на Реле
     92               SetCmdToUVV(OF_COMP1,  1, IOCMD_OUT_OF5, nRele);//отранж 
     93           if(isActivCmdRele(EDF06_OEPRF_ONB, numRele))//проверка активности команды на Реле
     94               SetCmdToUVV(OF_COMP1,  1, IOCMD_OUT_OF6, nRele);//отранж 
     95           if(isActivCmdRele(EDF07_OEPRF_ONB, numRele))//проверка активности команды на Реле
     96               SetCmdToUVV(OF_COMP1,  1, IOCMD_OUT_OF7, nRele);//отранж 
     97           if(isActivCmdRele(EDF08_OEPRF_ONB, numRele))//проверка активности команды на Реле
     98               SetCmdToUVV(OF_COMP1,  1, IOCMD_OUT_OF8, nRele);//отранж 
     99           if(isActivCmdRele(EDF09_OEPRF_ONB, numRele))//проверка активности команды на Реле
    100               SetCmdToUVV(OF_COMP1,  1, IOCMD_OUT_OF9, nRele);//отранж 
    101           if(isActivCmdRele(EDF10_OEPRF_ONB, numRele))//проверка активности команды на Реле
    102               SetCmdToUVV(OF_COMP1,  1, IOCMD_OUT_OF10, nRele);//отранж 
    103           if(isActivCmdRele(EDF11_OEPRF_ONB, numRele))//проверка активности команды на Реле
    104               SetCmdToUVV(OF_COMP1,  1, IOCMD_OUT_OF11, nRele);//отранж 
    105           if(isActivCmdRele(EDF12_OEPRF_ONB, numRele))//проверка активности команды на Реле
    106               SetCmdToUVV(OF_COMP1,  1, IOCMD_OUT_OF12, nRele);//отранж 
    107           if(isActivCmdRele(EDF13_OEPRF_ONB, numRele))//проверка активности команды на Реле
    108               SetCmdToUVV(OF_COMP1,  1, IOCMD_OUT_OF13, nRele);//отранж 
    109           if(isActivCmdRele(EDF14_OEPRF_ONB, numRele))//проверка активности команды на Реле
    110               SetCmdToUVV(OF_COMP1,  1, IOCMD_OUT_OF14, nRele);//отранж 
    111           if(isActivCmdRele(EDF15_OEPRF_ONB, numRele))//проверка активности команды на Реле
    112               SetCmdToUVV(OF_COMP1,  1, IOCMD_OUT_OF15, nRele);//отранж 
    113           if(isActivCmdRele(EDF16_OEPRF_ONB, numRele))//проверка активности команды на Реле
    114               SetCmdToUVV(OF_COMP1,  1, IOCMD_OUT_OF16, nRele);//отранж 
    115             
    116          }// SettingIci_RangirAPVToRele(int nRele)
    117          
    118          void SettingIci_RangirOFToLed(int nLed)
    119          {
    120          //отранж UROV на СДИ
    121          int numLed = nLed - CDI1_SM;//нормировка
    122          // Блокировка UMin1
    123          // if(isActivCmdLed(BLOCK_UMIN1_DI_OEPRF_ONB, numLed))//проверка активности команды на Реле
    124            //    SetCmdToUVV(APV_COMP1,  1, IOCMD3_UMM, nLed);//отранж 
    125          }// SettingIci_RangirAPVToLed(int nLed)

   Maximum stack usage in bytes:

   .cstack Function
   ------- --------
      16   SettingIci_RangirOFToDV
        16   -> SetCmdToUVV
        16   -> isActivCmdDV
       0   SettingIci_RangirOFToLed
      16   SettingIci_RangirOFToRele
        16   -> SetCmdToUVV
        16   -> isActivCmdRele


   Section sizes:

   Bytes  Function/Label
   -----  --------------
     784  SettingIci_RangirOFToDV
       8  SettingIci_RangirOFToLed
     784  SettingIci_RangirOFToRele

 
 1 576 bytes in section .text
 
 1 576 bytes of CODE memory

Errors: none
Warnings: 1
