###############################################################################
#
# IAR ANSI C/C++ Compiler V7.40.2.8542/W32 for ARM        20/Oct/2015  12:12:02
# Copyright 1999-2015 IAR Systems AB.
#
#    Cpu mode     =  arm
#    Endian       =  little
#    Source file  =  
#        D:\IAR projects\HR1_0100_00_I720_new2\SettingIci\SettingIci_PRM1.c
#    Command line =  
#        "D:\IAR projects\HR1_0100_00_I720_new2\SettingIci\SettingIci_PRM1.c"
#        -lcN "D:\IAR projects\HR1_0100_00_I720_new2\EWP\Debug xRAM\List\" -o
#        "D:\IAR projects\HR1_0100_00_I720_new2\EWP\Debug xRAM\Obj\" --no_cse
#        --no_unroll --no_inline --no_code_motion --no_tbaa --no_clustering
#        --no_scheduling --debug --endian=little --cpu=ARM926EJ-S -e
#        --fpu=VFP9-S --dlib_config "C:\Program Files\IAR Systems\Embedded
#        Workbench 7.40\arm\INC\c\DLib_Config_Normal.h" -I "D:\IAR
#        projects\HR1_0100_00_I720_new2\EWP\..\NXP\" -I "D:\IAR
#        projects\HR1_0100_00_I720_new2\EWP\..\LIB\include\" -I "D:\IAR
#        projects\HR1_0100_00_I720_new2\EWP\..\inc\" -I "D:\IAR
#        projects\HR1_0100_00_I720_new2\EWP\..\Igor\" -I "D:\IAR
#        projects\HR1_0100_00_I720_new2\EWP\..\mal\" -I "D:\IAR
#        projects\HR1_0100_00_I720_new2\EWP\..\component\" -I "D:\IAR
#        projects\HR1_0100_00_I720_new2\EWP\..\psupervisor\" -I "D:\IAR
#        projects\HR1_0100_00_I720_new2\EWP\..\virtualMenu\" -I "D:\IAR
#        projects\HR1_0100_00_I720_new2\EWP\..\callbackElement\" -I "D:\IAR
#        projects\HR1_0100_00_I720_new2\EWP\..\logictimers\" -I "D:\IAR
#        projects\HR1_0100_00_I720_new2\EWP\..\zonaVRT\" -I "D:\IAR
#        projects\HR1_0100_00_I720_new2\EWP\..\" --interwork --cpu_mode arm -On
#        --use_c++_inline
#    List file    =  
#        D:\IAR projects\HR1_0100_00_I720_new2\EWP\Debug
#        xRAM\List\SettingIci_PRM1.lst
#    Object file  =  
#        D:\IAR projects\HR1_0100_00_I720_new2\EWP\Debug
#        xRAM\Obj\SettingIci_PRM1.o
#
###############################################################################

D:\IAR projects\HR1_0100_00_I720_new2\SettingIci\SettingIci_PRM1.c
      1          #include "lpc_types.h"
      2          #include "lpc_irq_fiq.h"
      3          #include "lpc_arm922t_cp15_driver.h"
      4          
      5          #include "lpc32xx_hstimer.h"
      6          #include "lpc32xx_ssp.h"
      7          #include "lpc32xx_gpio.h"
      8          
      9          #include "lpc32xx_intc_driver.h"
     10          #include "lpc32xx_clkpwr_driver.h"
     11          
     12          #include "arm926ej_cp15_drv.h"
     13          #include "ttbl.h"
     14          
     15          #include <stdio.h>
     16          #include <string.h>
     17          
     18          #include "psuperVisor\supermanager.h"
     19          
     20          #include "component\componentdef.h"
     21          #include "psuperVisor\psvisor_helpdef.h"
     22          
     23          #include "psuperVisor\psvisor_helpfnc.h"
     24          #include "SettingIci\SettingIci.h"
     25          #include "virtualmenu\systemmenufnc.h"
     26          
     27          #include "toSpeedOptim.h"
     28          #include "toSpeedDIS.h"
     29          
     30          #include "header.h"
     31          #include "ici_r_ef.h"
     32          
     33          #define _HIDE_COMPONENT
     34          #include "PRM1Component.c"
     35          
     36          extern  long lMtz1,lMtz1Tmr,lSt1,lSt2, lst3, lst4;
     37          
     38          void  SettingIci_PRM1()
     39          {
     40          //выдержки PRM1
     41               lMtz1Tmr = brCfgTbl.Dstp_T_UI_NCN;//выдежка UI НЦН
     42            SetUstToClon(PRM1_COMP1,  1, MNGVID_PRM1_UINCNDZ, lMtz1Tmr*10);//выдержкa UI НЦН ДЗ
     43               lMtz1Tmr = brCfgTbl.Dstp_T_NonSymMode_NCN;//выдержка обрат последоват CM НЦН ДЗ
     44            SetUstToClon(PRM1_COMP1,  1, MNGVID_PRM1_CMNCNDZ, lMtz1Tmr*10);//выдержка обрат последоват CM НЦН ДЗ
     45          
     46          //установки ICI PRM1
     47            int uprPRM1 = 0;
     48              long lSt1 = brCfgTbl.state_FaultU_Ocp;//Неиспр цепей напр MTZ
     49            if(lSt1>0) uprPRM1 |= 1; // WKL
     50            else  uprPRM1 &= ~1; // OTKL 
     51            
     52          //state_FaultU_Dstp
     53              lSt1 = brCfgTbl.state_FaultU_Dstp;//Неиспр цепей напр DZ
     54            if(lSt1>0) uprPRM1 |= 2; // WKL
     55            else  uprPRM1 &= ~2; // OTKL 
     56          
     57            SetUstToClon(PRM1_COMP1,  1, MNGUPR_PRM1, uprPRM1);//управление PRM1
     58          }//SettingIci_PRM1()

   Maximum stack usage in bytes:

   .cstack Function
   ------- --------
      16   SettingIci_PRM1
        16   -> SetUstToClon


   Section sizes:

   Bytes  Function/Label
   -----  --------------
     208  SettingIci_PRM1

 
 208 bytes in section .text
 
 208 bytes of CODE memory

Errors: none
Warnings: none
